<?xml version="1.0" encoding="UTF-8"?>
<testsuite xmlns:xsi="http://www.w3.org/2001/XMLSchema-instance" xsi:noNamespaceSchemaLocation="https://maven.apache.org/surefire/maven-surefire-plugin/xsd/surefire-test-report-3.0.xsd" version="3.0" name="com.campaign.controller.CampaignControllerTest" time="0.343" tests="9" errors="0" skipped="0" failures="0">
  <properties>
[...]
</properties>
  <testcase name="testDeleteCampaignFound" classname="com.campaign.controller.CampaignControllerTest" time="0.014">
    <system-out><![CDATA[2024-07-16T17:55:20.142-05:00  INFO 87839 --- [campaign-dev] [           main] t.c.s.AnnotationConfigContextLoaderUtils : Could not detect default configuration classes for test class [com.campaign.controller.CampaignControllerTest]: CampaignControllerTest does not declare any static, non-private, non-final, nested classes annotated with @Configuration.
2024-07-16T17:55:20.146-05:00  INFO 87839 --- [campaign-dev] [           main] .b.t.c.SpringBootTestContextBootstrapper : Found @SpringBootConfiguration com.campaign.CampaignApplication for test class com.campaign.controller.CampaignControllerTest

  .   ____          _            __ _ _
 /\\ / ___'_ __ _ _(_)_ __  __ _ \ \ \ \
( ( )\___ | '_ | '_| | '_ \/ _` | \ \ \ \
 \\/  ___)| |_)| | | | | || (_| |  ) ) ) )
  '  |____| .__|_| |_|_| |_\__, | / / / /
 =========|_|==============|___/=/_/_/_/
 :: Spring Boot ::                (v3.2.3)

2024-07-16T17:55:20.226-05:00  INFO 87839 --- [campaign-dev] [           main] c.c.controller.CampaignControllerTest    : Starting CampaignControllerTest using Java 17.0.10 with PID 87839 (started by abdulbasithmohammed in /Users/abdulbasithmohammed/Documents/java_projects/jenkins/campaign-service)
2024-07-16T17:55:20.226-05:00  INFO 87839 --- [campaign-dev] [           main] c.c.controller.CampaignControllerTest    : The following 1 profile is active: "dev"
2024-07-16T17:55:20.227-05:00  INFO 87839 --- [campaign-dev] [           main] o.s.v.c.e.LeaseAwareVaultPropertySource  : Vault location [kv/campaign/dev] not resolvable: Not found
2024-07-16T17:55:20.227-05:00  INFO 87839 --- [campaign-dev] [           main] o.s.v.c.e.LeaseAwareVaultPropertySource  : Vault location [kv/application/dev] not resolvable: Not found
2024-07-16T17:55:20.227-05:00  INFO 87839 --- [campaign-dev] [           main] o.s.v.c.e.LeaseAwareVaultPropertySource  : Vault location [kv/application] not resolvable: Not found
2024-07-16T17:55:20.227-05:00  INFO 87839 --- [campaign-dev] [           main] o.s.v.c.e.LeaseAwareVaultPropertySource  : Vault location [kv/campaign-dev/dev] not resolvable: Not found
2024-07-16T17:55:20.414-05:00  WARN 87839 --- [campaign-dev] [           main] .s.s.UserDetailsServiceAutoConfiguration : 

Using generated security password: b4ffd8f5-9172-4013-ae0f-f77514ec152a

This generated password is for development use only. Your security configuration must be updated before running your application in production.

2024-07-16T17:55:20.419-05:00  INFO 87839 --- [campaign-dev] [           main] o.s.s.web.DefaultSecurityFilterChain     : Will secure any request with [org.springframework.security.web.session.DisableEncodeUrlFilter@71faec05, org.springframework.security.web.context.request.async.WebAsyncManagerIntegrationFilter@6b5b5f94, org.springframework.security.web.context.SecurityContextHolderFilter@24270e65, org.springframework.security.web.header.HeaderWriterFilter@72364ff1, org.springframework.web.filter.CorsFilter@22e494dc, org.springframework.security.web.csrf.CsrfFilter@4cf22d79, org.springframework.security.web.authentication.logout.LogoutFilter@40009de0, org.springframework.security.web.authentication.UsernamePasswordAuthenticationFilter@78363803, org.springframework.security.web.authentication.ui.DefaultLoginPageGeneratingFilter@3e7aa2c9, org.springframework.security.web.authentication.ui.DefaultLogoutPageGeneratingFilter@7484236d, org.springframework.security.web.authentication.www.BasicAuthenticationFilter@3c9d5578, org.springframework.security.web.savedrequest.RequestCacheAwareFilter@7963767d, org.springframework.security.web.servletapi.SecurityContextHolderAwareRequestFilter@7ef32321, org.springframework.security.web.authentication.AnonymousAuthenticationFilter@52b8633c, org.springframework.security.web.access.ExceptionTranslationFilter@76be352d, org.springframework.security.web.access.intercept.AuthorizationFilter@4c0ac628]
2024-07-16T17:55:20.422-05:00  INFO 87839 --- [campaign-dev] [           main] o.s.b.t.m.w.SpringBootMockServletContext : Initializing Spring TestDispatcherServlet ''
2024-07-16T17:55:20.422-05:00  INFO 87839 --- [campaign-dev] [           main] o.s.t.web.servlet.TestDispatcherServlet  : Initializing Servlet ''
2024-07-16T17:55:20.422-05:00  INFO 87839 --- [campaign-dev] [           main] o.s.t.web.servlet.TestDispatcherServlet  : Completed initialization in 0 ms
2024-07-16T17:55:20.427-05:00  INFO 87839 --- [campaign-dev] [           main] c.c.controller.CampaignControllerTest    : Started CampaignControllerTest in 0.279 seconds (process running for 3.826)
2024-07-16T17:55:20.436-05:00  INFO 87839 --- [campaign-dev] [           main] c.c.controller.CampaignController        : CampaignController: deleteCampaignById invoked: request id 1

MockHttpServletRequest:
      HTTP Method = DELETE
      Request URI = /v1/campaign/delete/1
       Parameters = {_csrf=[fALXYClLN4sUP5QHH2QZ_Jx-c62uq9z2M6HTDCh_z9oDvGSzGTHlVhEuA705B_AyKkktn_9GXpScnb7bAZPlPh4b9us12AbX]}
          Headers = [Content-Type:"application/json;charset=UTF-8"]
             Body = null
    Session Attrs = {SPRING_SECURITY_CONTEXT=SecurityContextImpl [Authentication=UsernamePasswordAuthenticationToken [Principal=org.springframework.security.core.userdetails.User [Username=user, Password=[PROTECTED], Enabled=true, AccountNonExpired=true, CredentialsNonExpired=true, AccountNonLocked=true, Granted Authorities=[ROLE_USER]], Credentials=[PROTECTED], Authenticated=true, Details=null, Granted Authorities=[ROLE_USER]]]}

Handler:
             Type = com.campaign.controller.CampaignController
           Method = com.campaign.controller.CampaignController#deleteCampaignById(int)

Async:
    Async started = false
     Async result = null

Resolved Exception:
             Type = null

ModelAndView:
        View name = null
             View = null
            Model = null

FlashMap:
       Attributes = null

MockHttpServletResponse:
           Status = 200
    Error message = null
          Headers = [Vary:"Origin", "Access-Control-Request-Method", "Access-Control-Request-Headers", Content-Type:"text/plain;charset=UTF-8", Content-Length:"48", X-Content-Type-Options:"nosniff", X-XSS-Protection:"0", Cache-Control:"no-cache, no-store, max-age=0, must-revalidate", Pragma:"no-cache", Expires:"0", X-Frame-Options:"DENY"]
     Content type = text/plain;charset=UTF-8
             Body = deleted the campaign with id : 1 successfully !!
    Forwarded URL = null
   Redirected URL = null
          Cookies = []
]]></system-out>
  </testcase>
  <testcase name="testUpdateCampaignFound" classname="com.campaign.controller.CampaignControllerTest" time="0.009">
    <system-out><![CDATA[
MockHttpServletRequest:
      HTTP Method = PATCH
      Request URI = /v1/campaign/update/1
       Parameters = {_csrf=[7sNyAD665xNorZo0T43lEe3WKUFj50w_Elh1G9BS2cpGspzl2KVDMwbYgXdFmflWLqDRcNnvBCMFgnkSd2xDLeE26_MjgK3V]}
          Headers = [Content-Type:"application/json;charset=UTF-8", Content-Length:"39"]
             Body = {
  "description" : "New Description"
}
    Session Attrs = {SPRING_SECURITY_CONTEXT=SecurityContextImpl [Authentication=UsernamePasswordAuthenticationToken [Principal=org.springframework.security.core.userdetails.User [Username=user, Password=[PROTECTED], Enabled=true, AccountNonExpired=true, CredentialsNonExpired=true, AccountNonLocked=true, Granted Authorities=[ROLE_USER]], Credentials=[PROTECTED], Authenticated=true, Details=null, Granted Authorities=[ROLE_USER]]]}

Handler:
             Type = com.campaign.controller.CampaignController
           Method = com.campaign.controller.CampaignController#updateCampaign(int, Map)

Async:
    Async started = false
     Async result = null

Resolved Exception:
             Type = null

ModelAndView:
        View name = null
             View = null
            Model = null

FlashMap:
       Attributes = null

MockHttpServletResponse:
           Status = 200
    Error message = null
          Headers = [Vary:"Origin", "Access-Control-Request-Method", "Access-Control-Request-Headers", Content-Type:"application/json", X-Content-Type-Options:"nosniff", X-XSS-Protection:"0", Cache-Control:"no-cache, no-store, max-age=0, must-revalidate", Pragma:"no-cache", Expires:"0", X-Frame-Options:"DENY"]
     Content type = application/json
             Body = {"id":1,"campaignName":"test campaign","description":"New Description","purpose":"some purpose","goalAmount":66300.0,"currentAmount":52.5}
    Forwarded URL = null
   Redirected URL = null
          Cookies = []
]]></system-out>
  </testcase>
  <testcase name="testCreateCampaign" classname="com.campaign.controller.CampaignControllerTest" time="0.006">
    <system-out><![CDATA[2024-07-16T17:55:20.457-05:00  INFO 87839 --- [campaign-dev] [           main] c.c.controller.CampaignController        : CampaignController: createCampaign invoked: request object {"id":1,"campaignName":"test campaign","description":"description","purpose":"some purpose","goalAmount":66300.0,"currentAmount":52.5}

MockHttpServletRequest:
      HTTP Method = POST
      Request URI = /v1/campaign/create
       Parameters = {_csrf=[mFLhxRYO7DDsIhB5Dzr_pOMCTEYfYt1KV3zsT_jg0rDoNKFn_mDW8C8-2QLBEyJKOBfLk4AxYX8nW7tnZUiJfcjW4oTQUsAD]}
          Headers = [Content-Type:"application/json;charset=UTF-8", Content-Length:"165"]
             Body = {
  "id" : 1,
  "campaignName" : "test campaign",
  "description" : "description",
  "purpose" : "some purpose",
  "goalAmount" : 66300.0,
  "currentAmount" : 52.5
}
    Session Attrs = {SPRING_SECURITY_CONTEXT=SecurityContextImpl [Authentication=UsernamePasswordAuthenticationToken [Principal=org.springframework.security.core.userdetails.User [Username=user, Password=[PROTECTED], Enabled=true, AccountNonExpired=true, CredentialsNonExpired=true, AccountNonLocked=true, Granted Authorities=[ROLE_USER]], Credentials=[PROTECTED], Authenticated=true, Details=null, Granted Authorities=[ROLE_USER]]]}

Handler:
             Type = com.campaign.controller.CampaignController
           Method = com.campaign.controller.CampaignController#createCampaign(Campaign)

Async:
    Async started = false
     Async result = null

Resolved Exception:
             Type = null

ModelAndView:
        View name = null
             View = null
            Model = null

FlashMap:
       Attributes = null

MockHttpServletResponse:
           Status = 200
    Error message = null
          Headers = [Vary:"Origin", "Access-Control-Request-Method", "Access-Control-Request-Headers", Content-Type:"application/json", X-Content-Type-Options:"nosniff", X-XSS-Protection:"0", Cache-Control:"no-cache, no-store, max-age=0, must-revalidate", Pragma:"no-cache", Expires:"0", X-Frame-Options:"DENY"]
     Content type = application/json
             Body = {"id":1,"campaignName":"test campaign","description":"description","purpose":"some purpose","goalAmount":66300.0,"currentAmount":52.5}
    Forwarded URL = null
   Redirected URL = null
          Cookies = []
]]></system-out>
  </testcase>
  <testcase name="testGetCampaignsNotFound" classname="com.campaign.controller.CampaignControllerTest" time="0.003">
    <system-out><![CDATA[
MockHttpServletRequest:
      HTTP Method = GET
      Request URI = /v1/campaign/get
       Parameters = {}
          Headers = [Content-Type:"application/json;charset=UTF-8"]
             Body = null
    Session Attrs = {SPRING_SECURITY_CONTEXT=SecurityContextImpl [Authentication=UsernamePasswordAuthenticationToken [Principal=org.springframework.security.core.userdetails.User [Username=user, Password=[PROTECTED], Enabled=true, AccountNonExpired=true, CredentialsNonExpired=true, AccountNonLocked=true, Granted Authorities=[ROLE_USER]], Credentials=[PROTECTED], Authenticated=true, Details=null, Granted Authorities=[ROLE_USER]]]}

Handler:
             Type = com.campaign.controller.CampaignController
           Method = com.campaign.controller.CampaignController#getCampaigns()

Async:
    Async started = false
     Async result = null

Resolved Exception:
             Type = com.campaign.exception.EntityNotFoundException

ModelAndView:
        View name = null
             View = null
            Model = null

FlashMap:
       Attributes = null

MockHttpServletResponse:
           Status = 404
    Error message = null
          Headers = [Vary:"Origin", "Access-Control-Request-Method", "Access-Control-Request-Headers", X-Content-Type-Options:"nosniff", X-XSS-Protection:"0", Cache-Control:"no-cache, no-store, max-age=0, must-revalidate", Pragma:"no-cache", Expires:"0", X-Frame-Options:"DENY"]
     Content type = null
             Body = 
    Forwarded URL = null
   Redirected URL = null
          Cookies = []
]]></system-out>
  </testcase>
  <testcase name="testGetCampaignByIdNotFound" classname="com.campaign.controller.CampaignControllerTest" time="0.004">
    <system-out><![CDATA[2024-07-16T17:55:20.465-05:00  INFO 87839 --- [campaign-dev] [           main] c.c.controller.CampaignController        : CampaignController: getCampaignById invoked: request id 2

MockHttpServletRequest:
      HTTP Method = GET
      Request URI = /v1/campaign/get/2
       Parameters = {}
          Headers = [Content-Type:"application/json;charset=UTF-8"]
             Body = null
    Session Attrs = {SPRING_SECURITY_CONTEXT=SecurityContextImpl [Authentication=UsernamePasswordAuthenticationToken [Principal=org.springframework.security.core.userdetails.User [Username=user, Password=[PROTECTED], Enabled=true, AccountNonExpired=true, CredentialsNonExpired=true, AccountNonLocked=true, Granted Authorities=[ROLE_USER]], Credentials=[PROTECTED], Authenticated=true, Details=null, Granted Authorities=[ROLE_USER]]]}

Handler:
             Type = com.campaign.controller.CampaignController
           Method = com.campaign.controller.CampaignController#getCampaignById(int)

Async:
    Async started = false
     Async result = null

Resolved Exception:
             Type = com.campaign.exception.EntityNotFoundException

ModelAndView:
        View name = null
             View = null
            Model = null

FlashMap:
       Attributes = null

MockHttpServletResponse:
           Status = 404
    Error message = null
          Headers = [Vary:"Origin", "Access-Control-Request-Method", "Access-Control-Request-Headers", X-Content-Type-Options:"nosniff", X-XSS-Protection:"0", Cache-Control:"no-cache, no-store, max-age=0, must-revalidate", Pragma:"no-cache", Expires:"0", X-Frame-Options:"DENY"]
     Content type = null
             Body = 
    Forwarded URL = null
   Redirected URL = null
          Cookies = []
]]></system-out>
  </testcase>
  <testcase name="testGetCampaignByIdFound" classname="com.campaign.controller.CampaignControllerTest" time="0.004">
    <system-out><![CDATA[2024-07-16T17:55:20.469-05:00  INFO 87839 --- [campaign-dev] [           main] c.c.controller.CampaignController        : CampaignController: getCampaignById invoked: request id 2

MockHttpServletRequest:
      HTTP Method = GET
      Request URI = /v1/campaign/get/2
       Parameters = {}
          Headers = [Content-Type:"application/json;charset=UTF-8"]
             Body = null
    Session Attrs = {SPRING_SECURITY_CONTEXT=SecurityContextImpl [Authentication=UsernamePasswordAuthenticationToken [Principal=org.springframework.security.core.userdetails.User [Username=user, Password=[PROTECTED], Enabled=true, AccountNonExpired=true, CredentialsNonExpired=true, AccountNonLocked=true, Granted Authorities=[ROLE_USER]], Credentials=[PROTECTED], Authenticated=true, Details=null, Granted Authorities=[ROLE_USER]]]}

Handler:
             Type = com.campaign.controller.CampaignController
           Method = com.campaign.controller.CampaignController#getCampaignById(int)

Async:
    Async started = false
     Async result = null

Resolved Exception:
             Type = null

ModelAndView:
        View name = null
             View = null
            Model = null

FlashMap:
       Attributes = null

MockHttpServletResponse:
           Status = 200
    Error message = null
          Headers = [Vary:"Origin", "Access-Control-Request-Method", "Access-Control-Request-Headers", Content-Type:"application/json", X-Content-Type-Options:"nosniff", X-XSS-Protection:"0", Cache-Control:"no-cache, no-store, max-age=0, must-revalidate", Pragma:"no-cache", Expires:"0", X-Frame-Options:"DENY"]
     Content type = application/json
             Body = {"id":2,"campaignName":"test1 campaign","description":"description 1","purpose":"some purpose 1","goalAmount":677000.0,"currentAmount":566.5}
    Forwarded URL = null
   Redirected URL = null
          Cookies = []
]]></system-out>
  </testcase>
  <testcase name="testGetCampaignsFound" classname="com.campaign.controller.CampaignControllerTest" time="0.005">
    <system-out><![CDATA[2024-07-16T17:55:20.475-05:00  INFO 87839 --- [campaign-dev] [           main] c.c.controller.CampaignController        : CampaignController: getCampaigns invoked: response object [{"id":1,"campaignName":"test campaign","description":"description","purpose":"some purpose","goalAmount":66300.0,"currentAmount":52.5},{"id":2,"campaignName":"test1 campaign","description":"description 1","purpose":"some purpose 1","goalAmount":677000.0,"currentAmount":566.5}]:

MockHttpServletRequest:
      HTTP Method = GET
      Request URI = /v1/campaign/get
       Parameters = {}
          Headers = [Content-Type:"application/json;charset=UTF-8"]
             Body = null
    Session Attrs = {SPRING_SECURITY_CONTEXT=SecurityContextImpl [Authentication=UsernamePasswordAuthenticationToken [Principal=org.springframework.security.core.userdetails.User [Username=user, Password=[PROTECTED], Enabled=true, AccountNonExpired=true, CredentialsNonExpired=true, AccountNonLocked=true, Granted Authorities=[ROLE_USER]], Credentials=[PROTECTED], Authenticated=true, Details=null, Granted Authorities=[ROLE_USER]]]}

Handler:
             Type = com.campaign.controller.CampaignController
           Method = com.campaign.controller.CampaignController#getCampaigns()

Async:
    Async started = false
     Async result = null

Resolved Exception:
             Type = null

ModelAndView:
        View name = null
             View = null
            Model = null

FlashMap:
       Attributes = null

MockHttpServletResponse:
           Status = 200
    Error message = null
          Headers = [Vary:"Origin", "Access-Control-Request-Method", "Access-Control-Request-Headers", Content-Type:"application/json", X-Content-Type-Options:"nosniff", X-XSS-Protection:"0", Cache-Control:"no-cache, no-store, max-age=0, must-revalidate", Pragma:"no-cache", Expires:"0", X-Frame-Options:"DENY"]
     Content type = application/json
             Body = [{"id":1,"campaignName":"test campaign","description":"description","purpose":"some purpose","goalAmount":66300.0,"currentAmount":52.5},{"id":2,"campaignName":"test1 campaign","description":"description 1","purpose":"some purpose 1","goalAmount":677000.0,"currentAmount":566.5}]
    Forwarded URL = null
   Redirected URL = null
          Cookies = []
]]></system-out>
  </testcase>
  <testcase name="testDeleteCampaignNotFound" classname="com.campaign.controller.CampaignControllerTest" time="0.002">
    <system-out><![CDATA[
MockHttpServletRequest:
      HTTP Method = DELETE
      Request URI = /v1/campaign/delete/100
       Parameters = {}
          Headers = [Content-Type:"application/json;charset=UTF-8"]
             Body = null
    Session Attrs = {org.springframework.security.web.csrf.HttpSessionCsrfTokenRepository.CSRF_TOKEN=org.springframework.security.web.csrf.DefaultCsrfToken@157a0109, SPRING_SECURITY_CONTEXT=SecurityContextImpl [Authentication=UsernamePasswordAuthenticationToken [Principal=org.springframework.security.core.userdetails.User [Username=user, Password=[PROTECTED], Enabled=true, AccountNonExpired=true, CredentialsNonExpired=true, AccountNonLocked=true, Granted Authorities=[ROLE_USER]], Credentials=[PROTECTED], Authenticated=true, Details=null, Granted Authorities=[ROLE_USER]]]}

Handler:
             Type = null

Async:
    Async started = false
     Async result = null

Resolved Exception:
             Type = null

ModelAndView:
        View name = null
             View = null
            Model = null

FlashMap:
       Attributes = null

MockHttpServletResponse:
           Status = 403
    Error message = Forbidden
          Headers = [Vary:"Origin", "Access-Control-Request-Method", "Access-Control-Request-Headers", X-Content-Type-Options:"nosniff", X-XSS-Protection:"0", Cache-Control:"no-cache, no-store, max-age=0, must-revalidate", Pragma:"no-cache", Expires:"0", X-Frame-Options:"DENY"]
     Content type = null
             Body = 
    Forwarded URL = null
   Redirected URL = null
          Cookies = []
]]></system-out>
  </testcase>
  <testcase name="testUpdateCampaignNotFound" classname="com.campaign.controller.CampaignControllerTest" time="0.002">
    <system-out><![CDATA[
MockHttpServletRequest:
      HTTP Method = PATCH
      Request URI = /v1/campaign/update/22
       Parameters = {}
          Headers = [Content-Type:"application/json;charset=UTF-8", Content-Length:"39"]
             Body = {
  "description" : "New Description"
}
    Session Attrs = {org.springframework.security.web.csrf.HttpSessionCsrfTokenRepository.CSRF_TOKEN=org.springframework.security.web.csrf.DefaultCsrfToken@27ed1d60, SPRING_SECURITY_CONTEXT=SecurityContextImpl [Authentication=UsernamePasswordAuthenticationToken [Principal=org.springframework.security.core.userdetails.User [Username=user, Password=[PROTECTED], Enabled=true, AccountNonExpired=true, CredentialsNonExpired=true, AccountNonLocked=true, Granted Authorities=[ROLE_USER]], Credentials=[PROTECTED], Authenticated=true, Details=null, Granted Authorities=[ROLE_USER]]]}

Handler:
             Type = null

Async:
    Async started = false
     Async result = null

Resolved Exception:
             Type = null

ModelAndView:
        View name = null
             View = null
            Model = null

FlashMap:
       Attributes = null

MockHttpServletResponse:
           Status = 403
    Error message = Forbidden
          Headers = [Vary:"Origin", "Access-Control-Request-Method", "Access-Control-Request-Headers", X-Content-Type-Options:"nosniff", X-XSS-Protection:"0", Cache-Control:"no-cache, no-store, max-age=0, must-revalidate", Pragma:"no-cache", Expires:"0", X-Frame-Options:"DENY"]
     Content type = null
             Body = 
    Forwarded URL = null
   Redirected URL = null
          Cookies = []
]]></system-out>
  </testcase>
</testsuite>