<?xml version="1.0" encoding="UTF-8"?>
<testsuite xmlns:xsi="http://www.w3.org/2001/XMLSchema-instance" xsi:noNamespaceSchemaLocation="https://maven.apache.org/surefire/maven-surefire-plugin/xsd/surefire-test-report-3.0.xsd" version="3.0" name="com.campaign.service.impl.CampaignServiceImplTest" time="0.115" tests="9" errors="0" skipped="0" failures="0">
  <properties>
[...]
</properties>
  <testcase name="testDeleteCampaignByIdPresent" classname="com.campaign.service.impl.CampaignServiceImplTest" time="0.076">
    <system-out><![CDATA[2024-07-16T17:55:22.906-05:00  INFO 87839 --- [campaign-dev] [           main] c.c.service.impl.CampaignServiceImpl     : CampaignServiceImpl: deleteCampaignById invoked, id : 1
2024-07-16T17:55:22.907-05:00  INFO 87839 --- [campaign-dev] [           main] c.c.service.impl.CampaignServiceImpl     : CampaignServiceImpl: deleteCampaignById reponse object: deleted the campaign with id :1 successfully !! 
]]></system-out>
  </testcase>
  <testcase name="testUpdateCampaignCampaignNotPresent" classname="com.campaign.service.impl.CampaignServiceImplTest" time="0.004"/>
  <testcase name="testCreateCampaignSuccessFull" classname="com.campaign.service.impl.CampaignServiceImplTest" time="0.003">
    <system-out><![CDATA[2024-07-16T17:55:22.914-05:00  INFO 87839 --- [campaign-dev] [           main] c.c.service.impl.CampaignServiceImpl     : CampaignServiceImpl: createCampaign invoked, request object {"id":2,"campaignName":"test campaign","description":"description","purpose":"some purpose","goalAmount":66300.0,"currentAmount":52.5}
]]></system-out>
  </testcase>
  <testcase name="testUpdateCampaignSuccessFull" classname="com.campaign.service.impl.CampaignServiceImplTest" time="0.001"/>
  <testcase name="testDeleteCampaignByIdNotPresent" classname="com.campaign.service.impl.CampaignServiceImplTest" time="0.008">
    <system-out><![CDATA[2024-07-16T17:55:22.916-05:00  INFO 87839 --- [campaign-dev] [           main] c.c.service.impl.CampaignServiceImpl     : CampaignServiceImpl: deleteCampaignById invoked, id : 10
2024-07-16T17:55:22.923-05:00 ERROR 87839 --- [campaign-dev] [           main] c.c.service.impl.CampaignServiceImpl     : CampaignServiceImpl: deleteCampaignById : encountered errors while fecthing data {"cause":null,"stackTrace":[{"classLoaderName":"app","moduleName":null,"moduleVersion":null,"methodName":"deleteCampaignById","fileName":"CampaignServiceImpl.java","lineNumber":108,"nativeMethod":false,"className":"com.campaign.service.impl.CampaignServiceImpl"},{"classLoaderName":"app","moduleName":null,"moduleVersion":null,"methodName":"lambda$testDeleteCampaignByIdNotPresent$5","fileName":"CampaignServiceImplTest.java","lineNumber":181,"nativeMethod":false,"className":"com.campaign.service.impl.CampaignServiceImplTest"},{"classLoaderName":"app","moduleName":null,"moduleVersion":null,"methodName":"assertThrows","fileName":"AssertThrows.java","lineNumber":53,"nativeMethod":false,"className":"org.junit.jupiter.api.AssertThrows"},{"classLoaderName":"app","moduleName":null,"moduleVersion":null,"methodName":"assertThrows","fileName":"AssertThrows.java","lineNumber":35,"nativeMethod":false,"className":"org.junit.jupiter.api.AssertThrows"},{"classLoaderName":"app","moduleName":null,"moduleVersion":null,"methodName":"assertThrows","fileName":"Assertions.java","lineNumber":3115,"nativeMethod":false,"className":"org.junit.jupiter.api.Assertions"},{"classLoaderName":"app","moduleName":null,"moduleVersion":null,"methodName":"testDeleteCampaignByIdNotPresent","fileName":"CampaignServiceImplTest.java","lineNumber":181,"nativeMethod":false,"className":"com.campaign.service.impl.CampaignServiceImplTest"},{"classLoaderName":null,"moduleName":"java.base","moduleVersion":"17.0.10","methodName":"invoke0","fileName":"NativeMethodAccessorImpl.java","lineNumber":-2,"nativeMethod":true,"className":"jdk.internal.reflect.NativeMethodAccessorImpl"},{"classLoaderName":null,"moduleName":"java.base","moduleVersion":"17.0.10","methodName":"invoke","fileName":"NativeMethodAccessorImpl.java","lineNumber":77,"nativeMethod":false,"className":"jdk.internal.reflect.NativeMethodAccessorImpl"},{"classLoaderName":null,"moduleName":"java.base","moduleVersion":"17.0.10","methodName":"invoke","fileName":"DelegatingMethodAccessorImpl.java","lineNumber":43,"nativeMethod":false,"className":"jdk.internal.reflect.DelegatingMethodAccessorImpl"},{"classLoaderName":null,"moduleName":"java.base","moduleVersion":"17.0.10","methodName":"invoke","fileName":"Method.java","lineNumber":568,"nativeMethod":false,"className":"java.lang.reflect.Method"},{"classLoaderName":"app","moduleName":null,"moduleVersion":null,"methodName":"invokeMethod","fileName":"ReflectionUtils.java","lineNumber":728,"nativeMethod":false,"className":"org.junit.platform.commons.util.ReflectionUtils"},{"classLoaderName":"app","moduleName":null,"moduleVersion":null,"methodName":"proceed","fileName":"MethodInvocation.java","lineNumber":60,"nativeMethod":false,"className":"org.junit.jupiter.engine.execution.MethodInvocation"},{"classLoaderName":"app","moduleName":null,"moduleVersion":null,"methodName":"proceed","fileName":"InvocationInterceptorChain.java","lineNumber":131,"nativeMethod":false,"className":"org.junit.jupiter.engine.execution.InvocationInterceptorChain$ValidatingInvocation"},{"classLoaderName":"app","moduleName":null,"moduleVersion":null,"methodName":"intercept","fileName":"TimeoutExtension.java","lineNumber":156,"nativeMethod":false,"className":"org.junit.jupiter.engine.extension.TimeoutExtension"},{"classLoaderName":"app","moduleName":null,"moduleVersion":null,"methodName":"interceptTestableMethod","fileName":"TimeoutExtension.java","lineNumber":147,"nativeMethod":false,"className":"org.junit.jupiter.engine.extension.TimeoutExtension"},{"classLoaderName":"app","moduleName":null,"moduleVersion":null,"methodName":"interceptTestMethod","fileName":"TimeoutExtension.java","lineNumber":86,"nativeMethod":false,"className":"org.junit.jupiter.engine.extension.TimeoutExtension"},{"classLoaderName":"app","moduleName":null,"moduleVersion":null,"methodName":"lambda$ofVoidMethod$0","fileName":"InterceptingExecutableInvoker.java","lineNumber":103,"nativeMethod":false,"className":"org.junit.jupiter.engine.execution.InterceptingExecutableInvoker$ReflectiveInterceptorCall"},{"classLoaderName":"app","moduleName":null,"moduleVersion":null,"methodName":"lambda$invoke$0","fileName":"InterceptingExecutableInvoker.java","lineNumber":93,"nativeMethod":false,"className":"org.junit.jupiter.engine.execution.InterceptingExecutableInvoker"},{"classLoaderName":"app","moduleName":null,"moduleVersion":null,"methodName":"proceed","fileName":"InvocationInterceptorChain.java","lineNumber":106,"nativeMethod":false,"className":"org.junit.jupiter.engine.execution.InvocationInterceptorChain$InterceptedInvocation"},{"classLoaderName":"app","moduleName":null,"moduleVersion":null,"methodName":"proceed","fileName":"InvocationInterceptorChain.java","lineNumber":64,"nativeMethod":false,"className":"org.junit.jupiter.engine.execution.InvocationInterceptorChain"},{"classLoaderName":"app","moduleName":null,"moduleVersion":null,"methodName":"chainAndInvoke","fileName":"InvocationInterceptorChain.java","lineNumber":45,"nativeMethod":false,"className":"org.junit.jupiter.engine.execution.InvocationInterceptorChain"},{"classLoaderName":"app","moduleName":null,"moduleVersion":null,"methodName":"invoke","fileName":"InvocationInterceptorChain.java","lineNumber":37,"nativeMethod":false,"className":"org.junit.jupiter.engine.execution.InvocationInterceptorChain"},{"classLoaderName":"app","moduleName":null,"moduleVersion":null,"methodName":"invoke","fileName":"InterceptingExecutableInvoker.java","lineNumber":92,"nativeMethod":false,"className":"org.junit.jupiter.engine.execution.InterceptingExecutableInvoker"},{"classLoaderName":"app","moduleName":null,"moduleVersion":null,"methodName":"invoke","fileName":"InterceptingExecutableInvoker.java","lineNumber":86,"nativeMethod":false,"className":"org.junit.jupiter.engine.execution.InterceptingExecutableInvoker"},{"classLoaderName":"app","moduleName":null,"moduleVersion":null,"methodName":"lambda$invokeTestMethod$7","fileName":"TestMethodTestDescriptor.java","lineNumber":218,"nativeMethod":false,"className":"org.junit.jupiter.engine.descriptor.TestMethodTestDescriptor"},{"classLoaderName":"app","moduleName":null,"moduleVersion":null,"methodName":"execute","fileName":"ThrowableCollector.java","lineNumber":73,"nativeMethod":false,"className":"org.junit.platform.engine.support.hierarchical.ThrowableCollector"},{"classLoaderName":"app","moduleName":null,"moduleVersion":null,"methodName":"invokeTestMethod","fileName":"TestMethodTestDescriptor.java","lineNumber":214,"nativeMethod":false,"className":"org.junit.jupiter.engine.descriptor.TestMethodTestDescriptor"},{"classLoaderName":"app","moduleName":null,"moduleVersion":null,"methodName":"execute","fileName":"TestMethodTestDescriptor.java","lineNumber":139,"nativeMethod":false,"className":"org.junit.jupiter.engine.descriptor.TestMethodTestDescriptor"},{"classLoaderName":"app","moduleName":null,"moduleVersion":null,"methodName":"execute","fileName":"TestMethodTestDescriptor.java","lineNumber":69,"nativeMethod":false,"className":"org.junit.jupiter.engine.descriptor.TestMethodTestDescriptor"},{"classLoaderName":"app","moduleName":null,"moduleVersion":null,"methodName":"lambda$executeRecursively$6","fileName":"NodeTestTask.java","lineNumber":151,"nativeMethod":false,"className":"org.junit.platform.engine.support.hierarchical.NodeTestTask"},{"classLoaderName":"app","moduleName":null,"moduleVersion":null,"methodName":"execute","fileName":"ThrowableCollector.java","lineNumber":73,"nativeMethod":false,"className":"org.junit.platform.engine.support.hierarchical.ThrowableCollector"},{"classLoaderName":"app","moduleName":null,"moduleVersion":null,"methodName":"lambda$executeRecursively$8","fileName":"NodeTestTask.java","lineNumber":141,"nativeMethod":false,"className":"org.junit.platform.engine.support.hierarchical.NodeTestTask"},{"classLoaderName":"app","moduleName":null,"moduleVersion":null,"methodName":"around","fileName":"Node.java","lineNumber":137,"nativeMethod":false,"className":"org.junit.platform.engine.support.hierarchical.Node"},{"classLoaderName":"app","moduleName":null,"moduleVersion":null,"methodName":"lambda$executeRecursively$9","fileName":"NodeTestTask.java","lineNumber":139,"nativeMethod":false,"className":"org.junit.platform.engine.support.hierarchical.NodeTestTask"},{"classLoaderName":"app","moduleName":null,"moduleVersion":null,"methodName":"execute","fileName":"ThrowableCollector.java","lineNumber":73,"nativeMethod":false,"className":"org.junit.platform.engine.support.hierarchical.ThrowableCollector"},{"classLoaderName":"app","moduleName":null,"moduleVersion":null,"methodName":"executeRecursively","fileName":"NodeTestTask.java","lineNumber":138,"nativeMethod":false,"className":"org.junit.platform.engine.support.hierarchical.NodeTestTask"},{"classLoaderName":"app","moduleName":null,"moduleVersion":null,"methodName":"execute","fileName":"NodeTestTask.java","lineNumber":95,"nativeMethod":false,"className":"org.junit.platform.engine.support.hierarchical.NodeTestTask"},{"classLoaderName":null,"moduleName":"java.base","moduleVersion":"17.0.10","methodName":"forEach","fileName":"ArrayList.java","lineNumber":1511,"nativeMethod":false,"className":"java.util.ArrayList"},{"classLoaderName":"app","moduleName":null,"moduleVersion":null,"methodName":"invokeAll","fileName":"SameThreadHierarchicalTestExecutorService.java","lineNumber":41,"nativeMethod":false,"className":"org.junit.platform.engine.support.hierarchical.SameThreadHierarchicalTestExecutorService"},{"classLoaderName":"app","moduleName":null,"moduleVersion":null,"methodName":"lambda$executeRecursively$6","fileName":"NodeTestTask.java","lineNumber":155,"nativeMethod":false,"className":"org.junit.platform.engine.support.hierarchical.NodeTestTask"},{"classLoaderName":"app","moduleName":null,"moduleVersion":null,"methodName":"execute","fileName":"ThrowableCollector.java","lineNumber":73,"nativeMethod":false,"className":"org.junit.platform.engine.support.hierarchical.ThrowableCollector"},{"classLoaderName":"app","moduleName":null,"moduleVersion":null,"methodName":"lambda$executeRecursively$8","fileName":"NodeTestTask.java","lineNumber":141,"nativeMethod":false,"className":"org.junit.platform.engine.support.hierarchical.NodeTestTask"},{"classLoaderName":"app","moduleName":null,"moduleVersion":null,"methodName":"around","fileName":"Node.java","lineNumber":137,"nativeMethod":false,"className":"org.junit.platform.engine.support.hierarchical.Node"},{"classLoaderName":"app","moduleName":null,"moduleVersion":null,"methodName":"lambda$executeRecursively$9","fileName":"NodeTestTask.java","lineNumber":139,"nativeMethod":false,"className":"org.junit.platform.engine.support.hierarchical.NodeTestTask"},{"classLoaderName":"app","moduleName":null,"moduleVersion":null,"methodName":"execute","fileName":"ThrowableCollector.java","lineNumber":73,"nativeMethod":false,"className":"org.junit.platform.engine.support.hierarchical.ThrowableCollector"},{"classLoaderName":"app","moduleName":null,"moduleVersion":null,"methodName":"executeRecursively","fileName":"NodeTestTask.java","lineNumber":138,"nativeMethod":false,"className":"org.junit.platform.engine.support.hierarchical.NodeTestTask"},{"classLoaderName":"app","moduleName":null,"moduleVersion":null,"methodName":"execute","fileName":"NodeTestTask.java","lineNumber":95,"nativeMethod":false,"className":"org.junit.platform.engine.support.hierarchical.NodeTestTask"},{"classLoaderName":null,"moduleName":"java.base","moduleVersion":"17.0.10","methodName":"forEach","fileName":"ArrayList.java","lineNumber":1511,"nativeMethod":false,"className":"java.util.ArrayList"},{"classLoaderName":"app","moduleName":null,"moduleVersion":null,"methodName":"invokeAll","fileName":"SameThreadHierarchicalTestExecutorService.java","lineNumber":41,"nativeMethod":false,"className":"org.junit.platform.engine.support.hierarchical.SameThreadHierarchicalTestExecutorService"},{"classLoaderName":"app","moduleName":null,"moduleVersion":null,"methodName":"lambda$executeRecursively$6","fileName":"NodeTestTask.java","lineNumber":155,"nativeMethod":false,"className":"org.junit.platform.engine.support.hierarchical.NodeTestTask"},{"classLoaderName":"app","moduleName":null,"moduleVersion":null,"methodName":"execute","fileName":"ThrowableCollector.java","lineNumber":73,"nativeMethod":false,"className":"org.junit.platform.engine.support.hierarchical.ThrowableCollector"},{"classLoaderName":"app","moduleName":null,"moduleVersion":null,"methodName":"lambda$executeRecursively$8","fileName":"NodeTestTask.java","lineNumber":141,"nativeMethod":false,"className":"org.junit.platform.engine.support.hierarchical.NodeTestTask"},{"classLoaderName":"app","moduleName":null,"moduleVersion":null,"methodName":"around","fileName":"Node.java","lineNumber":137,"nativeMethod":false,"className":"org.junit.platform.engine.support.hierarchical.Node"},{"classLoaderName":"app","moduleName":null,"moduleVersion":null,"methodName":"lambda$executeRecursively$9","fileName":"NodeTestTask.java","lineNumber":139,"nativeMethod":false,"className":"org.junit.platform.engine.support.hierarchical.NodeTestTask"},{"classLoaderName":"app","moduleName":null,"moduleVersion":null,"methodName":"execute","fileName":"ThrowableCollector.java","lineNumber":73,"nativeMethod":false,"className":"org.junit.platform.engine.support.hierarchical.ThrowableCollector"},{"classLoaderName":"app","moduleName":null,"moduleVersion":null,"methodName":"executeRecursively","fileName":"NodeTestTask.java","lineNumber":138,"nativeMethod":false,"className":"org.junit.platform.engine.support.hierarchical.NodeTestTask"},{"classLoaderName":"app","moduleName":null,"moduleVersion":null,"methodName":"execute","fileName":"NodeTestTask.java","lineNumber":95,"nativeMethod":false,"className":"org.junit.platform.engine.support.hierarchical.NodeTestTask"},{"classLoaderName":"app","moduleName":null,"moduleVersion":null,"methodName":"submit","fileName":"SameThreadHierarchicalTestExecutorService.java","lineNumber":35,"nativeMethod":false,"className":"org.junit.platform.engine.support.hierarchical.SameThreadHierarchicalTestExecutorService"},{"classLoaderName":"app","moduleName":null,"moduleVersion":null,"methodName":"execute","fileName":"HierarchicalTestExecutor.java","lineNumber":57,"nativeMethod":false,"className":"org.junit.platform.engine.support.hierarchical.HierarchicalTestExecutor"},{"classLoaderName":"app","moduleName":null,"moduleVersion":null,"methodName":"execute","fileName":"HierarchicalTestEngine.java","lineNumber":54,"nativeMethod":false,"className":"org.junit.platform.engine.support.hierarchical.HierarchicalTestEngine"},{"classLoaderName":"app","moduleName":null,"moduleVersion":null,"methodName":"execute","fileName":"EngineExecutionOrchestrator.java","lineNumber":198,"nativeMethod":false,"className":"org.junit.platform.launcher.core.EngineExecutionOrchestrator"},{"classLoaderName":"app","moduleName":null,"moduleVersion":null,"methodName":"execute","fileName":"EngineExecutionOrchestrator.java","lineNumber":169,"nativeMethod":false,"className":"org.junit.platform.launcher.core.EngineExecutionOrchestrator"},{"classLoaderName":"app","moduleName":null,"moduleVersion":null,"methodName":"execute","fileName":"EngineExecutionOrchestrator.java","lineNumber":93,"nativeMethod":false,"className":"org.junit.platform.launcher.core.EngineExecutionOrchestrator"},{"classLoaderName":"app","moduleName":null,"moduleVersion":null,"methodName":"lambda$execute$0","fileName":"EngineExecutionOrchestrator.java","lineNumber":58,"nativeMethod":false,"className":"org.junit.platform.launcher.core.EngineExecutionOrchestrator"},{"classLoaderName":"app","moduleName":null,"moduleVersion":null,"methodName":"withInterceptedStreams","fileName":"EngineExecutionOrchestrator.java","lineNumber":141,"nativeMethod":false,"className":"org.junit.platform.launcher.core.EngineExecutionOrchestrator"},{"classLoaderName":"app","moduleName":null,"moduleVersion":null,"methodName":"execute","fileName":"EngineExecutionOrchestrator.java","lineNumber":57,"nativeMethod":false,"className":"org.junit.platform.launcher.core.EngineExecutionOrchestrator"},{"classLoaderName":"app","moduleName":null,"moduleVersion":null,"methodName":"execute","fileName":"DefaultLauncher.java","lineNumber":103,"nativeMethod":false,"className":"org.junit.platform.launcher.core.DefaultLauncher"},{"classLoaderName":"app","moduleName":null,"moduleVersion":null,"methodName":"execute","fileName":"DefaultLauncher.java","lineNumber":85,"nativeMethod":false,"className":"org.junit.platform.launcher.core.DefaultLauncher"},{"classLoaderName":"app","moduleName":null,"moduleVersion":null,"methodName":"execute","fileName":"DelegatingLauncher.java","lineNumber":47,"nativeMethod":false,"className":"org.junit.platform.launcher.core.DelegatingLauncher"},{"classLoaderName":"app","moduleName":null,"moduleVersion":null,"methodName":"execute","fileName":"LazyLauncher.java","lineNumber":56,"nativeMethod":false,"className":"org.apache.maven.surefire.junitplatform.LazyLauncher"},{"classLoaderName":"app","moduleName":null,"moduleVersion":null,"methodName":"execute","fileName":"JUnitPlatformProvider.java","lineNumber":184,"nativeMethod":false,"className":"org.apache.maven.surefire.junitplatform.JUnitPlatformProvider"},{"classLoaderName":"app","moduleName":null,"moduleVersion":null,"methodName":"invokeAllTests","fileName":"JUnitPlatformProvider.java","lineNumber":148,"nativeMethod":false,"className":"org.apache.maven.surefire.junitplatform.JUnitPlatformProvider"},{"classLoaderName":"app","moduleName":null,"moduleVersion":null,"methodName":"invoke","fileName":"JUnitPlatformProvider.java","lineNumber":122,"nativeMethod":false,"className":"org.apache.maven.surefire.junitplatform.JUnitPlatformProvider"},{"classLoaderName":"app","moduleName":null,"moduleVersion":null,"methodName":"runSuitesInProcess","fileName":"ForkedBooter.java","lineNumber":385,"nativeMethod":false,"className":"org.apache.maven.surefire.booter.ForkedBooter"},{"classLoaderName":"app","moduleName":null,"moduleVersion":null,"methodName":"execute","fileName":"ForkedBooter.java","lineNumber":162,"nativeMethod":false,"className":"org.apache.maven.surefire.booter.ForkedBooter"},{"classLoaderName":"app","moduleName":null,"moduleVersion":null,"methodName":"run","fileName":"ForkedBooter.java","lineNumber":507,"nativeMethod":false,"className":"org.apache.maven.surefire.booter.ForkedBooter"},{"classLoaderName":"app","moduleName":null,"moduleVersion":null,"methodName":"main","fileName":"ForkedBooter.java","lineNumber":495,"nativeMethod":false,"className":"org.apache.maven.surefire.booter.ForkedBooter"}],"message":"Campaign not found with id: 10","suppressed":[],"localizedMessage":"Campaign not found with id: 10"}
]]></system-out>
  </testcase>
  <testcase name="testGetCampaignByIdNotPresent" classname="com.campaign.service.impl.CampaignServiceImplTest" time="0.006">
    <system-out><![CDATA[2024-07-16T17:55:22.924-05:00  INFO 87839 --- [campaign-dev] [           main] c.c.service.impl.CampaignServiceImpl     : CampaignServiceImpl: getCampaignById invoked, id : 1
2024-07-16T17:55:22.926-05:00 ERROR 87839 --- [campaign-dev] [           main] c.c.service.impl.CampaignServiceImpl     : CampaignServiceImpl: getCampaignById : encountered errors while fecthing data {"cause":null,"stackTrace":[{"classLoaderName":"app","moduleName":null,"moduleVersion":null,"methodName":"getCampaignById","fileName":"CampaignServiceImpl.java","lineNumber":92,"nativeMethod":false,"className":"com.campaign.service.impl.CampaignServiceImpl"},{"classLoaderName":"app","moduleName":null,"moduleVersion":null,"methodName":"lambda$testGetCampaignByIdNotPresent$3","fileName":"CampaignServiceImplTest.java","lineNumber":156,"nativeMethod":false,"className":"com.campaign.service.impl.CampaignServiceImplTest"},{"classLoaderName":"app","moduleName":null,"moduleVersion":null,"methodName":"catchThrowable","fileName":"ThrowableAssert.java","lineNumber":63,"nativeMethod":false,"className":"org.assertj.core.api.ThrowableAssert"},{"classLoaderName":"app","moduleName":null,"moduleVersion":null,"methodName":"isThrownBy","fileName":"ThrowableTypeAssert.java","lineNumber":59,"nativeMethod":false,"className":"org.assertj.core.api.ThrowableTypeAssert"},{"classLoaderName":"app","moduleName":null,"moduleVersion":null,"methodName":"testGetCampaignByIdNotPresent","fileName":"CampaignServiceImplTest.java","lineNumber":156,"nativeMethod":false,"className":"com.campaign.service.impl.CampaignServiceImplTest"},{"classLoaderName":null,"moduleName":"java.base","moduleVersion":"17.0.10","methodName":"invoke0","fileName":"NativeMethodAccessorImpl.java","lineNumber":-2,"nativeMethod":true,"className":"jdk.internal.reflect.NativeMethodAccessorImpl"},{"classLoaderName":null,"moduleName":"java.base","moduleVersion":"17.0.10","methodName":"invoke","fileName":"NativeMethodAccessorImpl.java","lineNumber":77,"nativeMethod":false,"className":"jdk.internal.reflect.NativeMethodAccessorImpl"},{"classLoaderName":null,"moduleName":"java.base","moduleVersion":"17.0.10","methodName":"invoke","fileName":"DelegatingMethodAccessorImpl.java","lineNumber":43,"nativeMethod":false,"className":"jdk.internal.reflect.DelegatingMethodAccessorImpl"},{"classLoaderName":null,"moduleName":"java.base","moduleVersion":"17.0.10","methodName":"invoke","fileName":"Method.java","lineNumber":568,"nativeMethod":false,"className":"java.lang.reflect.Method"},{"classLoaderName":"app","moduleName":null,"moduleVersion":null,"methodName":"invokeMethod","fileName":"ReflectionUtils.java","lineNumber":728,"nativeMethod":false,"className":"org.junit.platform.commons.util.ReflectionUtils"},{"classLoaderName":"app","moduleName":null,"moduleVersion":null,"methodName":"proceed","fileName":"MethodInvocation.java","lineNumber":60,"nativeMethod":false,"className":"org.junit.jupiter.engine.execution.MethodInvocation"},{"classLoaderName":"app","moduleName":null,"moduleVersion":null,"methodName":"proceed","fileName":"InvocationInterceptorChain.java","lineNumber":131,"nativeMethod":false,"className":"org.junit.jupiter.engine.execution.InvocationInterceptorChain$ValidatingInvocation"},{"classLoaderName":"app","moduleName":null,"moduleVersion":null,"methodName":"intercept","fileName":"TimeoutExtension.java","lineNumber":156,"nativeMethod":false,"className":"org.junit.jupiter.engine.extension.TimeoutExtension"},{"classLoaderName":"app","moduleName":null,"moduleVersion":null,"methodName":"interceptTestableMethod","fileName":"TimeoutExtension.java","lineNumber":147,"nativeMethod":false,"className":"org.junit.jupiter.engine.extension.TimeoutExtension"},{"classLoaderName":"app","moduleName":null,"moduleVersion":null,"methodName":"interceptTestMethod","fileName":"TimeoutExtension.java","lineNumber":86,"nativeMethod":false,"className":"org.junit.jupiter.engine.extension.TimeoutExtension"},{"classLoaderName":"app","moduleName":null,"moduleVersion":null,"methodName":"lambda$ofVoidMethod$0","fileName":"InterceptingExecutableInvoker.java","lineNumber":103,"nativeMethod":false,"className":"org.junit.jupiter.engine.execution.InterceptingExecutableInvoker$ReflectiveInterceptorCall"},{"classLoaderName":"app","moduleName":null,"moduleVersion":null,"methodName":"lambda$invoke$0","fileName":"InterceptingExecutableInvoker.java","lineNumber":93,"nativeMethod":false,"className":"org.junit.jupiter.engine.execution.InterceptingExecutableInvoker"},{"classLoaderName":"app","moduleName":null,"moduleVersion":null,"methodName":"proceed","fileName":"InvocationInterceptorChain.java","lineNumber":106,"nativeMethod":false,"className":"org.junit.jupiter.engine.execution.InvocationInterceptorChain$InterceptedInvocation"},{"classLoaderName":"app","moduleName":null,"moduleVersion":null,"methodName":"proceed","fileName":"InvocationInterceptorChain.java","lineNumber":64,"nativeMethod":false,"className":"org.junit.jupiter.engine.execution.InvocationInterceptorChain"},{"classLoaderName":"app","moduleName":null,"moduleVersion":null,"methodName":"chainAndInvoke","fileName":"InvocationInterceptorChain.java","lineNumber":45,"nativeMethod":false,"className":"org.junit.jupiter.engine.execution.InvocationInterceptorChain"},{"classLoaderName":"app","moduleName":null,"moduleVersion":null,"methodName":"invoke","fileName":"InvocationInterceptorChain.java","lineNumber":37,"nativeMethod":false,"className":"org.junit.jupiter.engine.execution.InvocationInterceptorChain"},{"classLoaderName":"app","moduleName":null,"moduleVersion":null,"methodName":"invoke","fileName":"InterceptingExecutableInvoker.java","lineNumber":92,"nativeMethod":false,"className":"org.junit.jupiter.engine.execution.InterceptingExecutableInvoker"},{"classLoaderName":"app","moduleName":null,"moduleVersion":null,"methodName":"invoke","fileName":"InterceptingExecutableInvoker.java","lineNumber":86,"nativeMethod":false,"className":"org.junit.jupiter.engine.execution.InterceptingExecutableInvoker"},{"classLoaderName":"app","moduleName":null,"moduleVersion":null,"methodName":"lambda$invokeTestMethod$7","fileName":"TestMethodTestDescriptor.java","lineNumber":218,"nativeMethod":false,"className":"org.junit.jupiter.engine.descriptor.TestMethodTestDescriptor"},{"classLoaderName":"app","moduleName":null,"moduleVersion":null,"methodName":"execute","fileName":"ThrowableCollector.java","lineNumber":73,"nativeMethod":false,"className":"org.junit.platform.engine.support.hierarchical.ThrowableCollector"},{"classLoaderName":"app","moduleName":null,"moduleVersion":null,"methodName":"invokeTestMethod","fileName":"TestMethodTestDescriptor.java","lineNumber":214,"nativeMethod":false,"className":"org.junit.jupiter.engine.descriptor.TestMethodTestDescriptor"},{"classLoaderName":"app","moduleName":null,"moduleVersion":null,"methodName":"execute","fileName":"TestMethodTestDescriptor.java","lineNumber":139,"nativeMethod":false,"className":"org.junit.jupiter.engine.descriptor.TestMethodTestDescriptor"},{"classLoaderName":"app","moduleName":null,"moduleVersion":null,"methodName":"execute","fileName":"TestMethodTestDescriptor.java","lineNumber":69,"nativeMethod":false,"className":"org.junit.jupiter.engine.descriptor.TestMethodTestDescriptor"},{"classLoaderName":"app","moduleName":null,"moduleVersion":null,"methodName":"lambda$executeRecursively$6","fileName":"NodeTestTask.java","lineNumber":151,"nativeMethod":false,"className":"org.junit.platform.engine.support.hierarchical.NodeTestTask"},{"classLoaderName":"app","moduleName":null,"moduleVersion":null,"methodName":"execute","fileName":"ThrowableCollector.java","lineNumber":73,"nativeMethod":false,"className":"org.junit.platform.engine.support.hierarchical.ThrowableCollector"},{"classLoaderName":"app","moduleName":null,"moduleVersion":null,"methodName":"lambda$executeRecursively$8","fileName":"NodeTestTask.java","lineNumber":141,"nativeMethod":false,"className":"org.junit.platform.engine.support.hierarchical.NodeTestTask"},{"classLoaderName":"app","moduleName":null,"moduleVersion":null,"methodName":"around","fileName":"Node.java","lineNumber":137,"nativeMethod":false,"className":"org.junit.platform.engine.support.hierarchical.Node"},{"classLoaderName":"app","moduleName":null,"moduleVersion":null,"methodName":"lambda$executeRecursively$9","fileName":"NodeTestTask.java","lineNumber":139,"nativeMethod":false,"className":"org.junit.platform.engine.support.hierarchical.NodeTestTask"},{"classLoaderName":"app","moduleName":null,"moduleVersion":null,"methodName":"execute","fileName":"ThrowableCollector.java","lineNumber":73,"nativeMethod":false,"className":"org.junit.platform.engine.support.hierarchical.ThrowableCollector"},{"classLoaderName":"app","moduleName":null,"moduleVersion":null,"methodName":"executeRecursively","fileName":"NodeTestTask.java","lineNumber":138,"nativeMethod":false,"className":"org.junit.platform.engine.support.hierarchical.NodeTestTask"},{"classLoaderName":"app","moduleName":null,"moduleVersion":null,"methodName":"execute","fileName":"NodeTestTask.java","lineNumber":95,"nativeMethod":false,"className":"org.junit.platform.engine.support.hierarchical.NodeTestTask"},{"classLoaderName":null,"moduleName":"java.base","moduleVersion":"17.0.10","methodName":"forEach","fileName":"ArrayList.java","lineNumber":1511,"nativeMethod":false,"className":"java.util.ArrayList"},{"classLoaderName":"app","moduleName":null,"moduleVersion":null,"methodName":"invokeAll","fileName":"SameThreadHierarchicalTestExecutorService.java","lineNumber":41,"nativeMethod":false,"className":"org.junit.platform.engine.support.hierarchical.SameThreadHierarchicalTestExecutorService"},{"classLoaderName":"app","moduleName":null,"moduleVersion":null,"methodName":"lambda$executeRecursively$6","fileName":"NodeTestTask.java","lineNumber":155,"nativeMethod":false,"className":"org.junit.platform.engine.support.hierarchical.NodeTestTask"},{"classLoaderName":"app","moduleName":null,"moduleVersion":null,"methodName":"execute","fileName":"ThrowableCollector.java","lineNumber":73,"nativeMethod":false,"className":"org.junit.platform.engine.support.hierarchical.ThrowableCollector"},{"classLoaderName":"app","moduleName":null,"moduleVersion":null,"methodName":"lambda$executeRecursively$8","fileName":"NodeTestTask.java","lineNumber":141,"nativeMethod":false,"className":"org.junit.platform.engine.support.hierarchical.NodeTestTask"},{"classLoaderName":"app","moduleName":null,"moduleVersion":null,"methodName":"around","fileName":"Node.java","lineNumber":137,"nativeMethod":false,"className":"org.junit.platform.engine.support.hierarchical.Node"},{"classLoaderName":"app","moduleName":null,"moduleVersion":null,"methodName":"lambda$executeRecursively$9","fileName":"NodeTestTask.java","lineNumber":139,"nativeMethod":false,"className":"org.junit.platform.engine.support.hierarchical.NodeTestTask"},{"classLoaderName":"app","moduleName":null,"moduleVersion":null,"methodName":"execute","fileName":"ThrowableCollector.java","lineNumber":73,"nativeMethod":false,"className":"org.junit.platform.engine.support.hierarchical.ThrowableCollector"},{"classLoaderName":"app","moduleName":null,"moduleVersion":null,"methodName":"executeRecursively","fileName":"NodeTestTask.java","lineNumber":138,"nativeMethod":false,"className":"org.junit.platform.engine.support.hierarchical.NodeTestTask"},{"classLoaderName":"app","moduleName":null,"moduleVersion":null,"methodName":"execute","fileName":"NodeTestTask.java","lineNumber":95,"nativeMethod":false,"className":"org.junit.platform.engine.support.hierarchical.NodeTestTask"},{"classLoaderName":null,"moduleName":"java.base","moduleVersion":"17.0.10","methodName":"forEach","fileName":"ArrayList.java","lineNumber":1511,"nativeMethod":false,"className":"java.util.ArrayList"},{"classLoaderName":"app","moduleName":null,"moduleVersion":null,"methodName":"invokeAll","fileName":"SameThreadHierarchicalTestExecutorService.java","lineNumber":41,"nativeMethod":false,"className":"org.junit.platform.engine.support.hierarchical.SameThreadHierarchicalTestExecutorService"},{"classLoaderName":"app","moduleName":null,"moduleVersion":null,"methodName":"lambda$executeRecursively$6","fileName":"NodeTestTask.java","lineNumber":155,"nativeMethod":false,"className":"org.junit.platform.engine.support.hierarchical.NodeTestTask"},{"classLoaderName":"app","moduleName":null,"moduleVersion":null,"methodName":"execute","fileName":"ThrowableCollector.java","lineNumber":73,"nativeMethod":false,"className":"org.junit.platform.engine.support.hierarchical.ThrowableCollector"},{"classLoaderName":"app","moduleName":null,"moduleVersion":null,"methodName":"lambda$executeRecursively$8","fileName":"NodeTestTask.java","lineNumber":141,"nativeMethod":false,"className":"org.junit.platform.engine.support.hierarchical.NodeTestTask"},{"classLoaderName":"app","moduleName":null,"moduleVersion":null,"methodName":"around","fileName":"Node.java","lineNumber":137,"nativeMethod":false,"className":"org.junit.platform.engine.support.hierarchical.Node"},{"classLoaderName":"app","moduleName":null,"moduleVersion":null,"methodName":"lambda$executeRecursively$9","fileName":"NodeTestTask.java","lineNumber":139,"nativeMethod":false,"className":"org.junit.platform.engine.support.hierarchical.NodeTestTask"},{"classLoaderName":"app","moduleName":null,"moduleVersion":null,"methodName":"execute","fileName":"ThrowableCollector.java","lineNumber":73,"nativeMethod":false,"className":"org.junit.platform.engine.support.hierarchical.ThrowableCollector"},{"classLoaderName":"app","moduleName":null,"moduleVersion":null,"methodName":"executeRecursively","fileName":"NodeTestTask.java","lineNumber":138,"nativeMethod":false,"className":"org.junit.platform.engine.support.hierarchical.NodeTestTask"},{"classLoaderName":"app","moduleName":null,"moduleVersion":null,"methodName":"execute","fileName":"NodeTestTask.java","lineNumber":95,"nativeMethod":false,"className":"org.junit.platform.engine.support.hierarchical.NodeTestTask"},{"classLoaderName":"app","moduleName":null,"moduleVersion":null,"methodName":"submit","fileName":"SameThreadHierarchicalTestExecutorService.java","lineNumber":35,"nativeMethod":false,"className":"org.junit.platform.engine.support.hierarchical.SameThreadHierarchicalTestExecutorService"},{"classLoaderName":"app","moduleName":null,"moduleVersion":null,"methodName":"execute","fileName":"HierarchicalTestExecutor.java","lineNumber":57,"nativeMethod":false,"className":"org.junit.platform.engine.support.hierarchical.HierarchicalTestExecutor"},{"classLoaderName":"app","moduleName":null,"moduleVersion":null,"methodName":"execute","fileName":"HierarchicalTestEngine.java","lineNumber":54,"nativeMethod":false,"className":"org.junit.platform.engine.support.hierarchical.HierarchicalTestEngine"},{"classLoaderName":"app","moduleName":null,"moduleVersion":null,"methodName":"execute","fileName":"EngineExecutionOrchestrator.java","lineNumber":198,"nativeMethod":false,"className":"org.junit.platform.launcher.core.EngineExecutionOrchestrator"},{"classLoaderName":"app","moduleName":null,"moduleVersion":null,"methodName":"execute","fileName":"EngineExecutionOrchestrator.java","lineNumber":169,"nativeMethod":false,"className":"org.junit.platform.launcher.core.EngineExecutionOrchestrator"},{"classLoaderName":"app","moduleName":null,"moduleVersion":null,"methodName":"execute","fileName":"EngineExecutionOrchestrator.java","lineNumber":93,"nativeMethod":false,"className":"org.junit.platform.launcher.core.EngineExecutionOrchestrator"},{"classLoaderName":"app","moduleName":null,"moduleVersion":null,"methodName":"lambda$execute$0","fileName":"EngineExecutionOrchestrator.java","lineNumber":58,"nativeMethod":false,"className":"org.junit.platform.launcher.core.EngineExecutionOrchestrator"},{"classLoaderName":"app","moduleName":null,"moduleVersion":null,"methodName":"withInterceptedStreams","fileName":"EngineExecutionOrchestrator.java","lineNumber":141,"nativeMethod":false,"className":"org.junit.platform.launcher.core.EngineExecutionOrchestrator"},{"classLoaderName":"app","moduleName":null,"moduleVersion":null,"methodName":"execute","fileName":"EngineExecutionOrchestrator.java","lineNumber":57,"nativeMethod":false,"className":"org.junit.platform.launcher.core.EngineExecutionOrchestrator"},{"classLoaderName":"app","moduleName":null,"moduleVersion":null,"methodName":"execute","fileName":"DefaultLauncher.java","lineNumber":103,"nativeMethod":false,"className":"org.junit.platform.launcher.core.DefaultLauncher"},{"classLoaderName":"app","moduleName":null,"moduleVersion":null,"methodName":"execute","fileName":"DefaultLauncher.java","lineNumber":85,"nativeMethod":false,"className":"org.junit.platform.launcher.core.DefaultLauncher"},{"classLoaderName":"app","moduleName":null,"moduleVersion":null,"methodName":"execute","fileName":"DelegatingLauncher.java","lineNumber":47,"nativeMethod":false,"className":"org.junit.platform.launcher.core.DelegatingLauncher"},{"classLoaderName":"app","moduleName":null,"moduleVersion":null,"methodName":"execute","fileName":"LazyLauncher.java","lineNumber":56,"nativeMethod":false,"className":"org.apache.maven.surefire.junitplatform.LazyLauncher"},{"classLoaderName":"app","moduleName":null,"moduleVersion":null,"methodName":"execute","fileName":"JUnitPlatformProvider.java","lineNumber":184,"nativeMethod":false,"className":"org.apache.maven.surefire.junitplatform.JUnitPlatformProvider"},{"classLoaderName":"app","moduleName":null,"moduleVersion":null,"methodName":"invokeAllTests","fileName":"JUnitPlatformProvider.java","lineNumber":148,"nativeMethod":false,"className":"org.apache.maven.surefire.junitplatform.JUnitPlatformProvider"},{"classLoaderName":"app","moduleName":null,"moduleVersion":null,"methodName":"invoke","fileName":"JUnitPlatformProvider.java","lineNumber":122,"nativeMethod":false,"className":"org.apache.maven.surefire.junitplatform.JUnitPlatformProvider"},{"classLoaderName":"app","moduleName":null,"moduleVersion":null,"methodName":"runSuitesInProcess","fileName":"ForkedBooter.java","lineNumber":385,"nativeMethod":false,"className":"org.apache.maven.surefire.booter.ForkedBooter"},{"classLoaderName":"app","moduleName":null,"moduleVersion":null,"methodName":"execute","fileName":"ForkedBooter.java","lineNumber":162,"nativeMethod":false,"className":"org.apache.maven.surefire.booter.ForkedBooter"},{"classLoaderName":"app","moduleName":null,"moduleVersion":null,"methodName":"run","fileName":"ForkedBooter.java","lineNumber":507,"nativeMethod":false,"className":"org.apache.maven.surefire.booter.ForkedBooter"},{"classLoaderName":"app","moduleName":null,"moduleVersion":null,"methodName":"main","fileName":"ForkedBooter.java","lineNumber":495,"nativeMethod":false,"className":"org.apache.maven.surefire.booter.ForkedBooter"}],"message":"Campaign not found with id: 1","suppressed":[],"localizedMessage":"Campaign not found with id: 1"}
2024-07-16T17:55:22.927-05:00  INFO 87839 --- [campaign-dev] [           main] c.c.service.impl.CampaignServiceImpl     : CampaignServiceImpl: getCampaignById invoked, id : 1
2024-07-16T17:55:22.929-05:00 ERROR 87839 --- [campaign-dev] [           main] c.c.service.impl.CampaignServiceImpl     : CampaignServiceImpl: getCampaignById : encountered errors while fecthing data {"cause":null,"stackTrace":[{"classLoaderName":"app","moduleName":null,"moduleVersion":null,"methodName":"getCampaignById","fileName":"CampaignServiceImpl.java","lineNumber":92,"nativeMethod":false,"className":"com.campaign.service.impl.CampaignServiceImpl"},{"classLoaderName":"app","moduleName":null,"moduleVersion":null,"methodName":"lambda$testGetCampaignByIdNotPresent$4","fileName":"CampaignServiceImplTest.java","lineNumber":159,"nativeMethod":false,"className":"com.campaign.service.impl.CampaignServiceImplTest"},{"classLoaderName":"app","moduleName":null,"moduleVersion":null,"methodName":"assertThrows","fileName":"AssertThrows.java","lineNumber":53,"nativeMethod":false,"className":"org.junit.jupiter.api.AssertThrows"},{"classLoaderName":"app","moduleName":null,"moduleVersion":null,"methodName":"assertThrows","fileName":"AssertThrows.java","lineNumber":35,"nativeMethod":false,"className":"org.junit.jupiter.api.AssertThrows"},{"classLoaderName":"app","moduleName":null,"moduleVersion":null,"methodName":"assertThrows","fileName":"Assertions.java","lineNumber":3115,"nativeMethod":false,"className":"org.junit.jupiter.api.Assertions"},{"classLoaderName":"app","moduleName":null,"moduleVersion":null,"methodName":"testGetCampaignByIdNotPresent","fileName":"CampaignServiceImplTest.java","lineNumber":158,"nativeMethod":false,"className":"com.campaign.service.impl.CampaignServiceImplTest"},{"classLoaderName":null,"moduleName":"java.base","moduleVersion":"17.0.10","methodName":"invoke0","fileName":"NativeMethodAccessorImpl.java","lineNumber":-2,"nativeMethod":true,"className":"jdk.internal.reflect.NativeMethodAccessorImpl"},{"classLoaderName":null,"moduleName":"java.base","moduleVersion":"17.0.10","methodName":"invoke","fileName":"NativeMethodAccessorImpl.java","lineNumber":77,"nativeMethod":false,"className":"jdk.internal.reflect.NativeMethodAccessorImpl"},{"classLoaderName":null,"moduleName":"java.base","moduleVersion":"17.0.10","methodName":"invoke","fileName":"DelegatingMethodAccessorImpl.java","lineNumber":43,"nativeMethod":false,"className":"jdk.internal.reflect.DelegatingMethodAccessorImpl"},{"classLoaderName":null,"moduleName":"java.base","moduleVersion":"17.0.10","methodName":"invoke","fileName":"Method.java","lineNumber":568,"nativeMethod":false,"className":"java.lang.reflect.Method"},{"classLoaderName":"app","moduleName":null,"moduleVersion":null,"methodName":"invokeMethod","fileName":"ReflectionUtils.java","lineNumber":728,"nativeMethod":false,"className":"org.junit.platform.commons.util.ReflectionUtils"},{"classLoaderName":"app","moduleName":null,"moduleVersion":null,"methodName":"proceed","fileName":"MethodInvocation.java","lineNumber":60,"nativeMethod":false,"className":"org.junit.jupiter.engine.execution.MethodInvocation"},{"classLoaderName":"app","moduleName":null,"moduleVersion":null,"methodName":"proceed","fileName":"InvocationInterceptorChain.java","lineNumber":131,"nativeMethod":false,"className":"org.junit.jupiter.engine.execution.InvocationInterceptorChain$ValidatingInvocation"},{"classLoaderName":"app","moduleName":null,"moduleVersion":null,"methodName":"intercept","fileName":"TimeoutExtension.java","lineNumber":156,"nativeMethod":false,"className":"org.junit.jupiter.engine.extension.TimeoutExtension"},{"classLoaderName":"app","moduleName":null,"moduleVersion":null,"methodName":"interceptTestableMethod","fileName":"TimeoutExtension.java","lineNumber":147,"nativeMethod":false,"className":"org.junit.jupiter.engine.extension.TimeoutExtension"},{"classLoaderName":"app","moduleName":null,"moduleVersion":null,"methodName":"interceptTestMethod","fileName":"TimeoutExtension.java","lineNumber":86,"nativeMethod":false,"className":"org.junit.jupiter.engine.extension.TimeoutExtension"},{"classLoaderName":"app","moduleName":null,"moduleVersion":null,"methodName":"lambda$ofVoidMethod$0","fileName":"InterceptingExecutableInvoker.java","lineNumber":103,"nativeMethod":false,"className":"org.junit.jupiter.engine.execution.InterceptingExecutableInvoker$ReflectiveInterceptorCall"},{"classLoaderName":"app","moduleName":null,"moduleVersion":null,"methodName":"lambda$invoke$0","fileName":"InterceptingExecutableInvoker.java","lineNumber":93,"nativeMethod":false,"className":"org.junit.jupiter.engine.execution.InterceptingExecutableInvoker"},{"classLoaderName":"app","moduleName":null,"moduleVersion":null,"methodName":"proceed","fileName":"InvocationInterceptorChain.java","lineNumber":106,"nativeMethod":false,"className":"org.junit.jupiter.engine.execution.InvocationInterceptorChain$InterceptedInvocation"},{"classLoaderName":"app","moduleName":null,"moduleVersion":null,"methodName":"proceed","fileName":"InvocationInterceptorChain.java","lineNumber":64,"nativeMethod":false,"className":"org.junit.jupiter.engine.execution.InvocationInterceptorChain"},{"classLoaderName":"app","moduleName":null,"moduleVersion":null,"methodName":"chainAndInvoke","fileName":"InvocationInterceptorChain.java","lineNumber":45,"nativeMethod":false,"className":"org.junit.jupiter.engine.execution.InvocationInterceptorChain"},{"classLoaderName":"app","moduleName":null,"moduleVersion":null,"methodName":"invoke","fileName":"InvocationInterceptorChain.java","lineNumber":37,"nativeMethod":false,"className":"org.junit.jupiter.engine.execution.InvocationInterceptorChain"},{"classLoaderName":"app","moduleName":null,"moduleVersion":null,"methodName":"invoke","fileName":"InterceptingExecutableInvoker.java","lineNumber":92,"nativeMethod":false,"className":"org.junit.jupiter.engine.execution.InterceptingExecutableInvoker"},{"classLoaderName":"app","moduleName":null,"moduleVersion":null,"methodName":"invoke","fileName":"InterceptingExecutableInvoker.java","lineNumber":86,"nativeMethod":false,"className":"org.junit.jupiter.engine.execution.InterceptingExecutableInvoker"},{"classLoaderName":"app","moduleName":null,"moduleVersion":null,"methodName":"lambda$invokeTestMethod$7","fileName":"TestMethodTestDescriptor.java","lineNumber":218,"nativeMethod":false,"className":"org.junit.jupiter.engine.descriptor.TestMethodTestDescriptor"},{"classLoaderName":"app","moduleName":null,"moduleVersion":null,"methodName":"execute","fileName":"ThrowableCollector.java","lineNumber":73,"nativeMethod":false,"className":"org.junit.platform.engine.support.hierarchical.ThrowableCollector"},{"classLoaderName":"app","moduleName":null,"moduleVersion":null,"methodName":"invokeTestMethod","fileName":"TestMethodTestDescriptor.java","lineNumber":214,"nativeMethod":false,"className":"org.junit.jupiter.engine.descriptor.TestMethodTestDescriptor"},{"classLoaderName":"app","moduleName":null,"moduleVersion":null,"methodName":"execute","fileName":"TestMethodTestDescriptor.java","lineNumber":139,"nativeMethod":false,"className":"org.junit.jupiter.engine.descriptor.TestMethodTestDescriptor"},{"classLoaderName":"app","moduleName":null,"moduleVersion":null,"methodName":"execute","fileName":"TestMethodTestDescriptor.java","lineNumber":69,"nativeMethod":false,"className":"org.junit.jupiter.engine.descriptor.TestMethodTestDescriptor"},{"classLoaderName":"app","moduleName":null,"moduleVersion":null,"methodName":"lambda$executeRecursively$6","fileName":"NodeTestTask.java","lineNumber":151,"nativeMethod":false,"className":"org.junit.platform.engine.support.hierarchical.NodeTestTask"},{"classLoaderName":"app","moduleName":null,"moduleVersion":null,"methodName":"execute","fileName":"ThrowableCollector.java","lineNumber":73,"nativeMethod":false,"className":"org.junit.platform.engine.support.hierarchical.ThrowableCollector"},{"classLoaderName":"app","moduleName":null,"moduleVersion":null,"methodName":"lambda$executeRecursively$8","fileName":"NodeTestTask.java","lineNumber":141,"nativeMethod":false,"className":"org.junit.platform.engine.support.hierarchical.NodeTestTask"},{"classLoaderName":"app","moduleName":null,"moduleVersion":null,"methodName":"around","fileName":"Node.java","lineNumber":137,"nativeMethod":false,"className":"org.junit.platform.engine.support.hierarchical.Node"},{"classLoaderName":"app","moduleName":null,"moduleVersion":null,"methodName":"lambda$executeRecursively$9","fileName":"NodeTestTask.java","lineNumber":139,"nativeMethod":false,"className":"org.junit.platform.engine.support.hierarchical.NodeTestTask"},{"classLoaderName":"app","moduleName":null,"moduleVersion":null,"methodName":"execute","fileName":"ThrowableCollector.java","lineNumber":73,"nativeMethod":false,"className":"org.junit.platform.engine.support.hierarchical.ThrowableCollector"},{"classLoaderName":"app","moduleName":null,"moduleVersion":null,"methodName":"executeRecursively","fileName":"NodeTestTask.java","lineNumber":138,"nativeMethod":false,"className":"org.junit.platform.engine.support.hierarchical.NodeTestTask"},{"classLoaderName":"app","moduleName":null,"moduleVersion":null,"methodName":"execute","fileName":"NodeTestTask.java","lineNumber":95,"nativeMethod":false,"className":"org.junit.platform.engine.support.hierarchical.NodeTestTask"},{"classLoaderName":null,"moduleName":"java.base","moduleVersion":"17.0.10","methodName":"forEach","fileName":"ArrayList.java","lineNumber":1511,"nativeMethod":false,"className":"java.util.ArrayList"},{"classLoaderName":"app","moduleName":null,"moduleVersion":null,"methodName":"invokeAll","fileName":"SameThreadHierarchicalTestExecutorService.java","lineNumber":41,"nativeMethod":false,"className":"org.junit.platform.engine.support.hierarchical.SameThreadHierarchicalTestExecutorService"},{"classLoaderName":"app","moduleName":null,"moduleVersion":null,"methodName":"lambda$executeRecursively$6","fileName":"NodeTestTask.java","lineNumber":155,"nativeMethod":false,"className":"org.junit.platform.engine.support.hierarchical.NodeTestTask"},{"classLoaderName":"app","moduleName":null,"moduleVersion":null,"methodName":"execute","fileName":"ThrowableCollector.java","lineNumber":73,"nativeMethod":false,"className":"org.junit.platform.engine.support.hierarchical.ThrowableCollector"},{"classLoaderName":"app","moduleName":null,"moduleVersion":null,"methodName":"lambda$executeRecursively$8","fileName":"NodeTestTask.java","lineNumber":141,"nativeMethod":false,"className":"org.junit.platform.engine.support.hierarchical.NodeTestTask"},{"classLoaderName":"app","moduleName":null,"moduleVersion":null,"methodName":"around","fileName":"Node.java","lineNumber":137,"nativeMethod":false,"className":"org.junit.platform.engine.support.hierarchical.Node"},{"classLoaderName":"app","moduleName":null,"moduleVersion":null,"methodName":"lambda$executeRecursively$9","fileName":"NodeTestTask.java","lineNumber":139,"nativeMethod":false,"className":"org.junit.platform.engine.support.hierarchical.NodeTestTask"},{"classLoaderName":"app","moduleName":null,"moduleVersion":null,"methodName":"execute","fileName":"ThrowableCollector.java","lineNumber":73,"nativeMethod":false,"className":"org.junit.platform.engine.support.hierarchical.ThrowableCollector"},{"classLoaderName":"app","moduleName":null,"moduleVersion":null,"methodName":"executeRecursively","fileName":"NodeTestTask.java","lineNumber":138,"nativeMethod":false,"className":"org.junit.platform.engine.support.hierarchical.NodeTestTask"},{"classLoaderName":"app","moduleName":null,"moduleVersion":null,"methodName":"execute","fileName":"NodeTestTask.java","lineNumber":95,"nativeMethod":false,"className":"org.junit.platform.engine.support.hierarchical.NodeTestTask"},{"classLoaderName":null,"moduleName":"java.base","moduleVersion":"17.0.10","methodName":"forEach","fileName":"ArrayList.java","lineNumber":1511,"nativeMethod":false,"className":"java.util.ArrayList"},{"classLoaderName":"app","moduleName":null,"moduleVersion":null,"methodName":"invokeAll","fileName":"SameThreadHierarchicalTestExecutorService.java","lineNumber":41,"nativeMethod":false,"className":"org.junit.platform.engine.support.hierarchical.SameThreadHierarchicalTestExecutorService"},{"classLoaderName":"app","moduleName":null,"moduleVersion":null,"methodName":"lambda$executeRecursively$6","fileName":"NodeTestTask.java","lineNumber":155,"nativeMethod":false,"className":"org.junit.platform.engine.support.hierarchical.NodeTestTask"},{"classLoaderName":"app","moduleName":null,"moduleVersion":null,"methodName":"execute","fileName":"ThrowableCollector.java","lineNumber":73,"nativeMethod":false,"className":"org.junit.platform.engine.support.hierarchical.ThrowableCollector"},{"classLoaderName":"app","moduleName":null,"moduleVersion":null,"methodName":"lambda$executeRecursively$8","fileName":"NodeTestTask.java","lineNumber":141,"nativeMethod":false,"className":"org.junit.platform.engine.support.hierarchical.NodeTestTask"},{"classLoaderName":"app","moduleName":null,"moduleVersion":null,"methodName":"around","fileName":"Node.java","lineNumber":137,"nativeMethod":false,"className":"org.junit.platform.engine.support.hierarchical.Node"},{"classLoaderName":"app","moduleName":null,"moduleVersion":null,"methodName":"lambda$executeRecursively$9","fileName":"NodeTestTask.java","lineNumber":139,"nativeMethod":false,"className":"org.junit.platform.engine.support.hierarchical.NodeTestTask"},{"classLoaderName":"app","moduleName":null,"moduleVersion":null,"methodName":"execute","fileName":"ThrowableCollector.java","lineNumber":73,"nativeMethod":false,"className":"org.junit.platform.engine.support.hierarchical.ThrowableCollector"},{"classLoaderName":"app","moduleName":null,"moduleVersion":null,"methodName":"executeRecursively","fileName":"NodeTestTask.java","lineNumber":138,"nativeMethod":false,"className":"org.junit.platform.engine.support.hierarchical.NodeTestTask"},{"classLoaderName":"app","moduleName":null,"moduleVersion":null,"methodName":"execute","fileName":"NodeTestTask.java","lineNumber":95,"nativeMethod":false,"className":"org.junit.platform.engine.support.hierarchical.NodeTestTask"},{"classLoaderName":"app","moduleName":null,"moduleVersion":null,"methodName":"submit","fileName":"SameThreadHierarchicalTestExecutorService.java","lineNumber":35,"nativeMethod":false,"className":"org.junit.platform.engine.support.hierarchical.SameThreadHierarchicalTestExecutorService"},{"classLoaderName":"app","moduleName":null,"moduleVersion":null,"methodName":"execute","fileName":"HierarchicalTestExecutor.java","lineNumber":57,"nativeMethod":false,"className":"org.junit.platform.engine.support.hierarchical.HierarchicalTestExecutor"},{"classLoaderName":"app","moduleName":null,"moduleVersion":null,"methodName":"execute","fileName":"HierarchicalTestEngine.java","lineNumber":54,"nativeMethod":false,"className":"org.junit.platform.engine.support.hierarchical.HierarchicalTestEngine"},{"classLoaderName":"app","moduleName":null,"moduleVersion":null,"methodName":"execute","fileName":"EngineExecutionOrchestrator.java","lineNumber":198,"nativeMethod":false,"className":"org.junit.platform.launcher.core.EngineExecutionOrchestrator"},{"classLoaderName":"app","moduleName":null,"moduleVersion":null,"methodName":"execute","fileName":"EngineExecutionOrchestrator.java","lineNumber":169,"nativeMethod":false,"className":"org.junit.platform.launcher.core.EngineExecutionOrchestrator"},{"classLoaderName":"app","moduleName":null,"moduleVersion":null,"methodName":"execute","fileName":"EngineExecutionOrchestrator.java","lineNumber":93,"nativeMethod":false,"className":"org.junit.platform.launcher.core.EngineExecutionOrchestrator"},{"classLoaderName":"app","moduleName":null,"moduleVersion":null,"methodName":"lambda$execute$0","fileName":"EngineExecutionOrchestrator.java","lineNumber":58,"nativeMethod":false,"className":"org.junit.platform.launcher.core.EngineExecutionOrchestrator"},{"classLoaderName":"app","moduleName":null,"moduleVersion":null,"methodName":"withInterceptedStreams","fileName":"EngineExecutionOrchestrator.java","lineNumber":141,"nativeMethod":false,"className":"org.junit.platform.launcher.core.EngineExecutionOrchestrator"},{"classLoaderName":"app","moduleName":null,"moduleVersion":null,"methodName":"execute","fileName":"EngineExecutionOrchestrator.java","lineNumber":57,"nativeMethod":false,"className":"org.junit.platform.launcher.core.EngineExecutionOrchestrator"},{"classLoaderName":"app","moduleName":null,"moduleVersion":null,"methodName":"execute","fileName":"DefaultLauncher.java","lineNumber":103,"nativeMethod":false,"className":"org.junit.platform.launcher.core.DefaultLauncher"},{"classLoaderName":"app","moduleName":null,"moduleVersion":null,"methodName":"execute","fileName":"DefaultLauncher.java","lineNumber":85,"nativeMethod":false,"className":"org.junit.platform.launcher.core.DefaultLauncher"},{"classLoaderName":"app","moduleName":null,"moduleVersion":null,"methodName":"execute","fileName":"DelegatingLauncher.java","lineNumber":47,"nativeMethod":false,"className":"org.junit.platform.launcher.core.DelegatingLauncher"},{"classLoaderName":"app","moduleName":null,"moduleVersion":null,"methodName":"execute","fileName":"LazyLauncher.java","lineNumber":56,"nativeMethod":false,"className":"org.apache.maven.surefire.junitplatform.LazyLauncher"},{"classLoaderName":"app","moduleName":null,"moduleVersion":null,"methodName":"execute","fileName":"JUnitPlatformProvider.java","lineNumber":184,"nativeMethod":false,"className":"org.apache.maven.surefire.junitplatform.JUnitPlatformProvider"},{"classLoaderName":"app","moduleName":null,"moduleVersion":null,"methodName":"invokeAllTests","fileName":"JUnitPlatformProvider.java","lineNumber":148,"nativeMethod":false,"className":"org.apache.maven.surefire.junitplatform.JUnitPlatformProvider"},{"classLoaderName":"app","moduleName":null,"moduleVersion":null,"methodName":"invoke","fileName":"JUnitPlatformProvider.java","lineNumber":122,"nativeMethod":false,"className":"org.apache.maven.surefire.junitplatform.JUnitPlatformProvider"},{"classLoaderName":"app","moduleName":null,"moduleVersion":null,"methodName":"runSuitesInProcess","fileName":"ForkedBooter.java","lineNumber":385,"nativeMethod":false,"className":"org.apache.maven.surefire.booter.ForkedBooter"},{"classLoaderName":"app","moduleName":null,"moduleVersion":null,"methodName":"execute","fileName":"ForkedBooter.java","lineNumber":162,"nativeMethod":false,"className":"org.apache.maven.surefire.booter.ForkedBooter"},{"classLoaderName":"app","moduleName":null,"moduleVersion":null,"methodName":"run","fileName":"ForkedBooter.java","lineNumber":507,"nativeMethod":false,"className":"org.apache.maven.surefire.booter.ForkedBooter"},{"classLoaderName":"app","moduleName":null,"moduleVersion":null,"methodName":"main","fileName":"ForkedBooter.java","lineNumber":495,"nativeMethod":false,"className":"org.apache.maven.surefire.booter.ForkedBooter"}],"message":"Campaign not found with id: 1","suppressed":[],"localizedMessage":"Campaign not found with id: 1"}
]]></system-out>
  </testcase>
  <testcase name="testGetCampaignByIdPresent" classname="com.campaign.service.impl.CampaignServiceImplTest" time="0.002">
    <system-out><![CDATA[2024-07-16T17:55:22.930-05:00  INFO 87839 --- [campaign-dev] [           main] c.c.service.impl.CampaignServiceImpl     : CampaignServiceImpl: getCampaignById invoked, id : 1
2024-07-16T17:55:22.931-05:00  INFO 87839 --- [campaign-dev] [           main] c.c.service.impl.CampaignServiceImpl     : CampaignServiceImpl: getCampaignById reponse object: {"id":2,"campaignName":"test campaign","description":"description","purpose":"some purpose","goalAmount":66300.0,"currentAmount":52.5}
]]></system-out>
  </testcase>
  <testcase name="testGetCampaignFail" classname="com.campaign.service.impl.CampaignServiceImplTest" time="0.006">
    <system-out><![CDATA[2024-07-16T17:55:22.932-05:00  INFO 87839 --- [campaign-dev] [           main] c.c.service.impl.CampaignServiceImpl     : CampaignServiceImpl: getCampaigns invoked
2024-07-16T17:55:22.934-05:00 ERROR 87839 --- [campaign-dev] [           main] c.c.service.impl.CampaignServiceImpl     : CampaignServiceImpl: getCampaigns : encountered errors while fecthing data {"cause":null,"stackTrace":[{"classLoaderName":"app","moduleName":null,"moduleVersion":null,"methodName":"getCampaigns","fileName":"CampaignServiceImpl.java","lineNumber":44,"nativeMethod":false,"className":"com.campaign.service.impl.CampaignServiceImpl"},{"classLoaderName":"app","moduleName":null,"moduleVersion":null,"methodName":"lambda$testGetCampaignFail$0","fileName":"CampaignServiceImplTest.java","lineNumber":94,"nativeMethod":false,"className":"com.campaign.service.impl.CampaignServiceImplTest"},{"classLoaderName":"app","moduleName":null,"moduleVersion":null,"methodName":"catchThrowable","fileName":"ThrowableAssert.java","lineNumber":63,"nativeMethod":false,"className":"org.assertj.core.api.ThrowableAssert"},{"classLoaderName":"app","moduleName":null,"moduleVersion":null,"methodName":"isThrownBy","fileName":"ThrowableTypeAssert.java","lineNumber":59,"nativeMethod":false,"className":"org.assertj.core.api.ThrowableTypeAssert"},{"classLoaderName":"app","moduleName":null,"moduleVersion":null,"methodName":"testGetCampaignFail","fileName":"CampaignServiceImplTest.java","lineNumber":94,"nativeMethod":false,"className":"com.campaign.service.impl.CampaignServiceImplTest"},{"classLoaderName":null,"moduleName":"java.base","moduleVersion":"17.0.10","methodName":"invoke0","fileName":"NativeMethodAccessorImpl.java","lineNumber":-2,"nativeMethod":true,"className":"jdk.internal.reflect.NativeMethodAccessorImpl"},{"classLoaderName":null,"moduleName":"java.base","moduleVersion":"17.0.10","methodName":"invoke","fileName":"NativeMethodAccessorImpl.java","lineNumber":77,"nativeMethod":false,"className":"jdk.internal.reflect.NativeMethodAccessorImpl"},{"classLoaderName":null,"moduleName":"java.base","moduleVersion":"17.0.10","methodName":"invoke","fileName":"DelegatingMethodAccessorImpl.java","lineNumber":43,"nativeMethod":false,"className":"jdk.internal.reflect.DelegatingMethodAccessorImpl"},{"classLoaderName":null,"moduleName":"java.base","moduleVersion":"17.0.10","methodName":"invoke","fileName":"Method.java","lineNumber":568,"nativeMethod":false,"className":"java.lang.reflect.Method"},{"classLoaderName":"app","moduleName":null,"moduleVersion":null,"methodName":"invokeMethod","fileName":"ReflectionUtils.java","lineNumber":728,"nativeMethod":false,"className":"org.junit.platform.commons.util.ReflectionUtils"},{"classLoaderName":"app","moduleName":null,"moduleVersion":null,"methodName":"proceed","fileName":"MethodInvocation.java","lineNumber":60,"nativeMethod":false,"className":"org.junit.jupiter.engine.execution.MethodInvocation"},{"classLoaderName":"app","moduleName":null,"moduleVersion":null,"methodName":"proceed","fileName":"InvocationInterceptorChain.java","lineNumber":131,"nativeMethod":false,"className":"org.junit.jupiter.engine.execution.InvocationInterceptorChain$ValidatingInvocation"},{"classLoaderName":"app","moduleName":null,"moduleVersion":null,"methodName":"intercept","fileName":"TimeoutExtension.java","lineNumber":156,"nativeMethod":false,"className":"org.junit.jupiter.engine.extension.TimeoutExtension"},{"classLoaderName":"app","moduleName":null,"moduleVersion":null,"methodName":"interceptTestableMethod","fileName":"TimeoutExtension.java","lineNumber":147,"nativeMethod":false,"className":"org.junit.jupiter.engine.extension.TimeoutExtension"},{"classLoaderName":"app","moduleName":null,"moduleVersion":null,"methodName":"interceptTestMethod","fileName":"TimeoutExtension.java","lineNumber":86,"nativeMethod":false,"className":"org.junit.jupiter.engine.extension.TimeoutExtension"},{"classLoaderName":"app","moduleName":null,"moduleVersion":null,"methodName":"lambda$ofVoidMethod$0","fileName":"InterceptingExecutableInvoker.java","lineNumber":103,"nativeMethod":false,"className":"org.junit.jupiter.engine.execution.InterceptingExecutableInvoker$ReflectiveInterceptorCall"},{"classLoaderName":"app","moduleName":null,"moduleVersion":null,"methodName":"lambda$invoke$0","fileName":"InterceptingExecutableInvoker.java","lineNumber":93,"nativeMethod":false,"className":"org.junit.jupiter.engine.execution.InterceptingExecutableInvoker"},{"classLoaderName":"app","moduleName":null,"moduleVersion":null,"methodName":"proceed","fileName":"InvocationInterceptorChain.java","lineNumber":106,"nativeMethod":false,"className":"org.junit.jupiter.engine.execution.InvocationInterceptorChain$InterceptedInvocation"},{"classLoaderName":"app","moduleName":null,"moduleVersion":null,"methodName":"proceed","fileName":"InvocationInterceptorChain.java","lineNumber":64,"nativeMethod":false,"className":"org.junit.jupiter.engine.execution.InvocationInterceptorChain"},{"classLoaderName":"app","moduleName":null,"moduleVersion":null,"methodName":"chainAndInvoke","fileName":"InvocationInterceptorChain.java","lineNumber":45,"nativeMethod":false,"className":"org.junit.jupiter.engine.execution.InvocationInterceptorChain"},{"classLoaderName":"app","moduleName":null,"moduleVersion":null,"methodName":"invoke","fileName":"InvocationInterceptorChain.java","lineNumber":37,"nativeMethod":false,"className":"org.junit.jupiter.engine.execution.InvocationInterceptorChain"},{"classLoaderName":"app","moduleName":null,"moduleVersion":null,"methodName":"invoke","fileName":"InterceptingExecutableInvoker.java","lineNumber":92,"nativeMethod":false,"className":"org.junit.jupiter.engine.execution.InterceptingExecutableInvoker"},{"classLoaderName":"app","moduleName":null,"moduleVersion":null,"methodName":"invoke","fileName":"InterceptingExecutableInvoker.java","lineNumber":86,"nativeMethod":false,"className":"org.junit.jupiter.engine.execution.InterceptingExecutableInvoker"},{"classLoaderName":"app","moduleName":null,"moduleVersion":null,"methodName":"lambda$invokeTestMethod$7","fileName":"TestMethodTestDescriptor.java","lineNumber":218,"nativeMethod":false,"className":"org.junit.jupiter.engine.descriptor.TestMethodTestDescriptor"},{"classLoaderName":"app","moduleName":null,"moduleVersion":null,"methodName":"execute","fileName":"ThrowableCollector.java","lineNumber":73,"nativeMethod":false,"className":"org.junit.platform.engine.support.hierarchical.ThrowableCollector"},{"classLoaderName":"app","moduleName":null,"moduleVersion":null,"methodName":"invokeTestMethod","fileName":"TestMethodTestDescriptor.java","lineNumber":214,"nativeMethod":false,"className":"org.junit.jupiter.engine.descriptor.TestMethodTestDescriptor"},{"classLoaderName":"app","moduleName":null,"moduleVersion":null,"methodName":"execute","fileName":"TestMethodTestDescriptor.java","lineNumber":139,"nativeMethod":false,"className":"org.junit.jupiter.engine.descriptor.TestMethodTestDescriptor"},{"classLoaderName":"app","moduleName":null,"moduleVersion":null,"methodName":"execute","fileName":"TestMethodTestDescriptor.java","lineNumber":69,"nativeMethod":false,"className":"org.junit.jupiter.engine.descriptor.TestMethodTestDescriptor"},{"classLoaderName":"app","moduleName":null,"moduleVersion":null,"methodName":"lambda$executeRecursively$6","fileName":"NodeTestTask.java","lineNumber":151,"nativeMethod":false,"className":"org.junit.platform.engine.support.hierarchical.NodeTestTask"},{"classLoaderName":"app","moduleName":null,"moduleVersion":null,"methodName":"execute","fileName":"ThrowableCollector.java","lineNumber":73,"nativeMethod":false,"className":"org.junit.platform.engine.support.hierarchical.ThrowableCollector"},{"classLoaderName":"app","moduleName":null,"moduleVersion":null,"methodName":"lambda$executeRecursively$8","fileName":"NodeTestTask.java","lineNumber":141,"nativeMethod":false,"className":"org.junit.platform.engine.support.hierarchical.NodeTestTask"},{"classLoaderName":"app","moduleName":null,"moduleVersion":null,"methodName":"around","fileName":"Node.java","lineNumber":137,"nativeMethod":false,"className":"org.junit.platform.engine.support.hierarchical.Node"},{"classLoaderName":"app","moduleName":null,"moduleVersion":null,"methodName":"lambda$executeRecursively$9","fileName":"NodeTestTask.java","lineNumber":139,"nativeMethod":false,"className":"org.junit.platform.engine.support.hierarchical.NodeTestTask"},{"classLoaderName":"app","moduleName":null,"moduleVersion":null,"methodName":"execute","fileName":"ThrowableCollector.java","lineNumber":73,"nativeMethod":false,"className":"org.junit.platform.engine.support.hierarchical.ThrowableCollector"},{"classLoaderName":"app","moduleName":null,"moduleVersion":null,"methodName":"executeRecursively","fileName":"NodeTestTask.java","lineNumber":138,"nativeMethod":false,"className":"org.junit.platform.engine.support.hierarchical.NodeTestTask"},{"classLoaderName":"app","moduleName":null,"moduleVersion":null,"methodName":"execute","fileName":"NodeTestTask.java","lineNumber":95,"nativeMethod":false,"className":"org.junit.platform.engine.support.hierarchical.NodeTestTask"},{"classLoaderName":null,"moduleName":"java.base","moduleVersion":"17.0.10","methodName":"forEach","fileName":"ArrayList.java","lineNumber":1511,"nativeMethod":false,"className":"java.util.ArrayList"},{"classLoaderName":"app","moduleName":null,"moduleVersion":null,"methodName":"invokeAll","fileName":"SameThreadHierarchicalTestExecutorService.java","lineNumber":41,"nativeMethod":false,"className":"org.junit.platform.engine.support.hierarchical.SameThreadHierarchicalTestExecutorService"},{"classLoaderName":"app","moduleName":null,"moduleVersion":null,"methodName":"lambda$executeRecursively$6","fileName":"NodeTestTask.java","lineNumber":155,"nativeMethod":false,"className":"org.junit.platform.engine.support.hierarchical.NodeTestTask"},{"classLoaderName":"app","moduleName":null,"moduleVersion":null,"methodName":"execute","fileName":"ThrowableCollector.java","lineNumber":73,"nativeMethod":false,"className":"org.junit.platform.engine.support.hierarchical.ThrowableCollector"},{"classLoaderName":"app","moduleName":null,"moduleVersion":null,"methodName":"lambda$executeRecursively$8","fileName":"NodeTestTask.java","lineNumber":141,"nativeMethod":false,"className":"org.junit.platform.engine.support.hierarchical.NodeTestTask"},{"classLoaderName":"app","moduleName":null,"moduleVersion":null,"methodName":"around","fileName":"Node.java","lineNumber":137,"nativeMethod":false,"className":"org.junit.platform.engine.support.hierarchical.Node"},{"classLoaderName":"app","moduleName":null,"moduleVersion":null,"methodName":"lambda$executeRecursively$9","fileName":"NodeTestTask.java","lineNumber":139,"nativeMethod":false,"className":"org.junit.platform.engine.support.hierarchical.NodeTestTask"},{"classLoaderName":"app","moduleName":null,"moduleVersion":null,"methodName":"execute","fileName":"ThrowableCollector.java","lineNumber":73,"nativeMethod":false,"className":"org.junit.platform.engine.support.hierarchical.ThrowableCollector"},{"classLoaderName":"app","moduleName":null,"moduleVersion":null,"methodName":"executeRecursively","fileName":"NodeTestTask.java","lineNumber":138,"nativeMethod":false,"className":"org.junit.platform.engine.support.hierarchical.NodeTestTask"},{"classLoaderName":"app","moduleName":null,"moduleVersion":null,"methodName":"execute","fileName":"NodeTestTask.java","lineNumber":95,"nativeMethod":false,"className":"org.junit.platform.engine.support.hierarchical.NodeTestTask"},{"classLoaderName":null,"moduleName":"java.base","moduleVersion":"17.0.10","methodName":"forEach","fileName":"ArrayList.java","lineNumber":1511,"nativeMethod":false,"className":"java.util.ArrayList"},{"classLoaderName":"app","moduleName":null,"moduleVersion":null,"methodName":"invokeAll","fileName":"SameThreadHierarchicalTestExecutorService.java","lineNumber":41,"nativeMethod":false,"className":"org.junit.platform.engine.support.hierarchical.SameThreadHierarchicalTestExecutorService"},{"classLoaderName":"app","moduleName":null,"moduleVersion":null,"methodName":"lambda$executeRecursively$6","fileName":"NodeTestTask.java","lineNumber":155,"nativeMethod":false,"className":"org.junit.platform.engine.support.hierarchical.NodeTestTask"},{"classLoaderName":"app","moduleName":null,"moduleVersion":null,"methodName":"execute","fileName":"ThrowableCollector.java","lineNumber":73,"nativeMethod":false,"className":"org.junit.platform.engine.support.hierarchical.ThrowableCollector"},{"classLoaderName":"app","moduleName":null,"moduleVersion":null,"methodName":"lambda$executeRecursively$8","fileName":"NodeTestTask.java","lineNumber":141,"nativeMethod":false,"className":"org.junit.platform.engine.support.hierarchical.NodeTestTask"},{"classLoaderName":"app","moduleName":null,"moduleVersion":null,"methodName":"around","fileName":"Node.java","lineNumber":137,"nativeMethod":false,"className":"org.junit.platform.engine.support.hierarchical.Node"},{"classLoaderName":"app","moduleName":null,"moduleVersion":null,"methodName":"lambda$executeRecursively$9","fileName":"NodeTestTask.java","lineNumber":139,"nativeMethod":false,"className":"org.junit.platform.engine.support.hierarchical.NodeTestTask"},{"classLoaderName":"app","moduleName":null,"moduleVersion":null,"methodName":"execute","fileName":"ThrowableCollector.java","lineNumber":73,"nativeMethod":false,"className":"org.junit.platform.engine.support.hierarchical.ThrowableCollector"},{"classLoaderName":"app","moduleName":null,"moduleVersion":null,"methodName":"executeRecursively","fileName":"NodeTestTask.java","lineNumber":138,"nativeMethod":false,"className":"org.junit.platform.engine.support.hierarchical.NodeTestTask"},{"classLoaderName":"app","moduleName":null,"moduleVersion":null,"methodName":"execute","fileName":"NodeTestTask.java","lineNumber":95,"nativeMethod":false,"className":"org.junit.platform.engine.support.hierarchical.NodeTestTask"},{"classLoaderName":"app","moduleName":null,"moduleVersion":null,"methodName":"submit","fileName":"SameThreadHierarchicalTestExecutorService.java","lineNumber":35,"nativeMethod":false,"className":"org.junit.platform.engine.support.hierarchical.SameThreadHierarchicalTestExecutorService"},{"classLoaderName":"app","moduleName":null,"moduleVersion":null,"methodName":"execute","fileName":"HierarchicalTestExecutor.java","lineNumber":57,"nativeMethod":false,"className":"org.junit.platform.engine.support.hierarchical.HierarchicalTestExecutor"},{"classLoaderName":"app","moduleName":null,"moduleVersion":null,"methodName":"execute","fileName":"HierarchicalTestEngine.java","lineNumber":54,"nativeMethod":false,"className":"org.junit.platform.engine.support.hierarchical.HierarchicalTestEngine"},{"classLoaderName":"app","moduleName":null,"moduleVersion":null,"methodName":"execute","fileName":"EngineExecutionOrchestrator.java","lineNumber":198,"nativeMethod":false,"className":"org.junit.platform.launcher.core.EngineExecutionOrchestrator"},{"classLoaderName":"app","moduleName":null,"moduleVersion":null,"methodName":"execute","fileName":"EngineExecutionOrchestrator.java","lineNumber":169,"nativeMethod":false,"className":"org.junit.platform.launcher.core.EngineExecutionOrchestrator"},{"classLoaderName":"app","moduleName":null,"moduleVersion":null,"methodName":"execute","fileName":"EngineExecutionOrchestrator.java","lineNumber":93,"nativeMethod":false,"className":"org.junit.platform.launcher.core.EngineExecutionOrchestrator"},{"classLoaderName":"app","moduleName":null,"moduleVersion":null,"methodName":"lambda$execute$0","fileName":"EngineExecutionOrchestrator.java","lineNumber":58,"nativeMethod":false,"className":"org.junit.platform.launcher.core.EngineExecutionOrchestrator"},{"classLoaderName":"app","moduleName":null,"moduleVersion":null,"methodName":"withInterceptedStreams","fileName":"EngineExecutionOrchestrator.java","lineNumber":141,"nativeMethod":false,"className":"org.junit.platform.launcher.core.EngineExecutionOrchestrator"},{"classLoaderName":"app","moduleName":null,"moduleVersion":null,"methodName":"execute","fileName":"EngineExecutionOrchestrator.java","lineNumber":57,"nativeMethod":false,"className":"org.junit.platform.launcher.core.EngineExecutionOrchestrator"},{"classLoaderName":"app","moduleName":null,"moduleVersion":null,"methodName":"execute","fileName":"DefaultLauncher.java","lineNumber":103,"nativeMethod":false,"className":"org.junit.platform.launcher.core.DefaultLauncher"},{"classLoaderName":"app","moduleName":null,"moduleVersion":null,"methodName":"execute","fileName":"DefaultLauncher.java","lineNumber":85,"nativeMethod":false,"className":"org.junit.platform.launcher.core.DefaultLauncher"},{"classLoaderName":"app","moduleName":null,"moduleVersion":null,"methodName":"execute","fileName":"DelegatingLauncher.java","lineNumber":47,"nativeMethod":false,"className":"org.junit.platform.launcher.core.DelegatingLauncher"},{"classLoaderName":"app","moduleName":null,"moduleVersion":null,"methodName":"execute","fileName":"LazyLauncher.java","lineNumber":56,"nativeMethod":false,"className":"org.apache.maven.surefire.junitplatform.LazyLauncher"},{"classLoaderName":"app","moduleName":null,"moduleVersion":null,"methodName":"execute","fileName":"JUnitPlatformProvider.java","lineNumber":184,"nativeMethod":false,"className":"org.apache.maven.surefire.junitplatform.JUnitPlatformProvider"},{"classLoaderName":"app","moduleName":null,"moduleVersion":null,"methodName":"invokeAllTests","fileName":"JUnitPlatformProvider.java","lineNumber":148,"nativeMethod":false,"className":"org.apache.maven.surefire.junitplatform.JUnitPlatformProvider"},{"classLoaderName":"app","moduleName":null,"moduleVersion":null,"methodName":"invoke","fileName":"JUnitPlatformProvider.java","lineNumber":122,"nativeMethod":false,"className":"org.apache.maven.surefire.junitplatform.JUnitPlatformProvider"},{"classLoaderName":"app","moduleName":null,"moduleVersion":null,"methodName":"runSuitesInProcess","fileName":"ForkedBooter.java","lineNumber":385,"nativeMethod":false,"className":"org.apache.maven.surefire.booter.ForkedBooter"},{"classLoaderName":"app","moduleName":null,"moduleVersion":null,"methodName":"execute","fileName":"ForkedBooter.java","lineNumber":162,"nativeMethod":false,"className":"org.apache.maven.surefire.booter.ForkedBooter"},{"classLoaderName":"app","moduleName":null,"moduleVersion":null,"methodName":"run","fileName":"ForkedBooter.java","lineNumber":507,"nativeMethod":false,"className":"org.apache.maven.surefire.booter.ForkedBooter"},{"classLoaderName":"app","moduleName":null,"moduleVersion":null,"methodName":"main","fileName":"ForkedBooter.java","lineNumber":495,"nativeMethod":false,"className":"org.apache.maven.surefire.booter.ForkedBooter"}],"message":"No Campaigns Present !!","suppressed":[],"localizedMessage":"No Campaigns Present !!"}
2024-07-16T17:55:22.935-05:00  INFO 87839 --- [campaign-dev] [           main] c.c.service.impl.CampaignServiceImpl     : CampaignServiceImpl: getCampaigns invoked
2024-07-16T17:55:22.936-05:00 ERROR 87839 --- [campaign-dev] [           main] c.c.service.impl.CampaignServiceImpl     : CampaignServiceImpl: getCampaigns : encountered errors while fecthing data {"cause":null,"stackTrace":[{"classLoaderName":"app","moduleName":null,"moduleVersion":null,"methodName":"getCampaigns","fileName":"CampaignServiceImpl.java","lineNumber":44,"nativeMethod":false,"className":"com.campaign.service.impl.CampaignServiceImpl"},{"classLoaderName":"app","moduleName":null,"moduleVersion":null,"methodName":"lambda$testGetCampaignFail$1","fileName":"CampaignServiceImplTest.java","lineNumber":95,"nativeMethod":false,"className":"com.campaign.service.impl.CampaignServiceImplTest"},{"classLoaderName":"app","moduleName":null,"moduleVersion":null,"methodName":"assertThrows","fileName":"AssertThrows.java","lineNumber":53,"nativeMethod":false,"className":"org.junit.jupiter.api.AssertThrows"},{"classLoaderName":"app","moduleName":null,"moduleVersion":null,"methodName":"assertThrows","fileName":"AssertThrows.java","lineNumber":35,"nativeMethod":false,"className":"org.junit.jupiter.api.AssertThrows"},{"classLoaderName":"app","moduleName":null,"moduleVersion":null,"methodName":"assertThrows","fileName":"Assertions.java","lineNumber":3115,"nativeMethod":false,"className":"org.junit.jupiter.api.Assertions"},{"classLoaderName":"app","moduleName":null,"moduleVersion":null,"methodName":"testGetCampaignFail","fileName":"CampaignServiceImplTest.java","lineNumber":95,"nativeMethod":false,"className":"com.campaign.service.impl.CampaignServiceImplTest"},{"classLoaderName":null,"moduleName":"java.base","moduleVersion":"17.0.10","methodName":"invoke0","fileName":"NativeMethodAccessorImpl.java","lineNumber":-2,"nativeMethod":true,"className":"jdk.internal.reflect.NativeMethodAccessorImpl"},{"classLoaderName":null,"moduleName":"java.base","moduleVersion":"17.0.10","methodName":"invoke","fileName":"NativeMethodAccessorImpl.java","lineNumber":77,"nativeMethod":false,"className":"jdk.internal.reflect.NativeMethodAccessorImpl"},{"classLoaderName":null,"moduleName":"java.base","moduleVersion":"17.0.10","methodName":"invoke","fileName":"DelegatingMethodAccessorImpl.java","lineNumber":43,"nativeMethod":false,"className":"jdk.internal.reflect.DelegatingMethodAccessorImpl"},{"classLoaderName":null,"moduleName":"java.base","moduleVersion":"17.0.10","methodName":"invoke","fileName":"Method.java","lineNumber":568,"nativeMethod":false,"className":"java.lang.reflect.Method"},{"classLoaderName":"app","moduleName":null,"moduleVersion":null,"methodName":"invokeMethod","fileName":"ReflectionUtils.java","lineNumber":728,"nativeMethod":false,"className":"org.junit.platform.commons.util.ReflectionUtils"},{"classLoaderName":"app","moduleName":null,"moduleVersion":null,"methodName":"proceed","fileName":"MethodInvocation.java","lineNumber":60,"nativeMethod":false,"className":"org.junit.jupiter.engine.execution.MethodInvocation"},{"classLoaderName":"app","moduleName":null,"moduleVersion":null,"methodName":"proceed","fileName":"InvocationInterceptorChain.java","lineNumber":131,"nativeMethod":false,"className":"org.junit.jupiter.engine.execution.InvocationInterceptorChain$ValidatingInvocation"},{"classLoaderName":"app","moduleName":null,"moduleVersion":null,"methodName":"intercept","fileName":"TimeoutExtension.java","lineNumber":156,"nativeMethod":false,"className":"org.junit.jupiter.engine.extension.TimeoutExtension"},{"classLoaderName":"app","moduleName":null,"moduleVersion":null,"methodName":"interceptTestableMethod","fileName":"TimeoutExtension.java","lineNumber":147,"nativeMethod":false,"className":"org.junit.jupiter.engine.extension.TimeoutExtension"},{"classLoaderName":"app","moduleName":null,"moduleVersion":null,"methodName":"interceptTestMethod","fileName":"TimeoutExtension.java","lineNumber":86,"nativeMethod":false,"className":"org.junit.jupiter.engine.extension.TimeoutExtension"},{"classLoaderName":"app","moduleName":null,"moduleVersion":null,"methodName":"lambda$ofVoidMethod$0","fileName":"InterceptingExecutableInvoker.java","lineNumber":103,"nativeMethod":false,"className":"org.junit.jupiter.engine.execution.InterceptingExecutableInvoker$ReflectiveInterceptorCall"},{"classLoaderName":"app","moduleName":null,"moduleVersion":null,"methodName":"lambda$invoke$0","fileName":"InterceptingExecutableInvoker.java","lineNumber":93,"nativeMethod":false,"className":"org.junit.jupiter.engine.execution.InterceptingExecutableInvoker"},{"classLoaderName":"app","moduleName":null,"moduleVersion":null,"methodName":"proceed","fileName":"InvocationInterceptorChain.java","lineNumber":106,"nativeMethod":false,"className":"org.junit.jupiter.engine.execution.InvocationInterceptorChain$InterceptedInvocation"},{"classLoaderName":"app","moduleName":null,"moduleVersion":null,"methodName":"proceed","fileName":"InvocationInterceptorChain.java","lineNumber":64,"nativeMethod":false,"className":"org.junit.jupiter.engine.execution.InvocationInterceptorChain"},{"classLoaderName":"app","moduleName":null,"moduleVersion":null,"methodName":"chainAndInvoke","fileName":"InvocationInterceptorChain.java","lineNumber":45,"nativeMethod":false,"className":"org.junit.jupiter.engine.execution.InvocationInterceptorChain"},{"classLoaderName":"app","moduleName":null,"moduleVersion":null,"methodName":"invoke","fileName":"InvocationInterceptorChain.java","lineNumber":37,"nativeMethod":false,"className":"org.junit.jupiter.engine.execution.InvocationInterceptorChain"},{"classLoaderName":"app","moduleName":null,"moduleVersion":null,"methodName":"invoke","fileName":"InterceptingExecutableInvoker.java","lineNumber":92,"nativeMethod":false,"className":"org.junit.jupiter.engine.execution.InterceptingExecutableInvoker"},{"classLoaderName":"app","moduleName":null,"moduleVersion":null,"methodName":"invoke","fileName":"InterceptingExecutableInvoker.java","lineNumber":86,"nativeMethod":false,"className":"org.junit.jupiter.engine.execution.InterceptingExecutableInvoker"},{"classLoaderName":"app","moduleName":null,"moduleVersion":null,"methodName":"lambda$invokeTestMethod$7","fileName":"TestMethodTestDescriptor.java","lineNumber":218,"nativeMethod":false,"className":"org.junit.jupiter.engine.descriptor.TestMethodTestDescriptor"},{"classLoaderName":"app","moduleName":null,"moduleVersion":null,"methodName":"execute","fileName":"ThrowableCollector.java","lineNumber":73,"nativeMethod":false,"className":"org.junit.platform.engine.support.hierarchical.ThrowableCollector"},{"classLoaderName":"app","moduleName":null,"moduleVersion":null,"methodName":"invokeTestMethod","fileName":"TestMethodTestDescriptor.java","lineNumber":214,"nativeMethod":false,"className":"org.junit.jupiter.engine.descriptor.TestMethodTestDescriptor"},{"classLoaderName":"app","moduleName":null,"moduleVersion":null,"methodName":"execute","fileName":"TestMethodTestDescriptor.java","lineNumber":139,"nativeMethod":false,"className":"org.junit.jupiter.engine.descriptor.TestMethodTestDescriptor"},{"classLoaderName":"app","moduleName":null,"moduleVersion":null,"methodName":"execute","fileName":"TestMethodTestDescriptor.java","lineNumber":69,"nativeMethod":false,"className":"org.junit.jupiter.engine.descriptor.TestMethodTestDescriptor"},{"classLoaderName":"app","moduleName":null,"moduleVersion":null,"methodName":"lambda$executeRecursively$6","fileName":"NodeTestTask.java","lineNumber":151,"nativeMethod":false,"className":"org.junit.platform.engine.support.hierarchical.NodeTestTask"},{"classLoaderName":"app","moduleName":null,"moduleVersion":null,"methodName":"execute","fileName":"ThrowableCollector.java","lineNumber":73,"nativeMethod":false,"className":"org.junit.platform.engine.support.hierarchical.ThrowableCollector"},{"classLoaderName":"app","moduleName":null,"moduleVersion":null,"methodName":"lambda$executeRecursively$8","fileName":"NodeTestTask.java","lineNumber":141,"nativeMethod":false,"className":"org.junit.platform.engine.support.hierarchical.NodeTestTask"},{"classLoaderName":"app","moduleName":null,"moduleVersion":null,"methodName":"around","fileName":"Node.java","lineNumber":137,"nativeMethod":false,"className":"org.junit.platform.engine.support.hierarchical.Node"},{"classLoaderName":"app","moduleName":null,"moduleVersion":null,"methodName":"lambda$executeRecursively$9","fileName":"NodeTestTask.java","lineNumber":139,"nativeMethod":false,"className":"org.junit.platform.engine.support.hierarchical.NodeTestTask"},{"classLoaderName":"app","moduleName":null,"moduleVersion":null,"methodName":"execute","fileName":"ThrowableCollector.java","lineNumber":73,"nativeMethod":false,"className":"org.junit.platform.engine.support.hierarchical.ThrowableCollector"},{"classLoaderName":"app","moduleName":null,"moduleVersion":null,"methodName":"executeRecursively","fileName":"NodeTestTask.java","lineNumber":138,"nativeMethod":false,"className":"org.junit.platform.engine.support.hierarchical.NodeTestTask"},{"classLoaderName":"app","moduleName":null,"moduleVersion":null,"methodName":"execute","fileName":"NodeTestTask.java","lineNumber":95,"nativeMethod":false,"className":"org.junit.platform.engine.support.hierarchical.NodeTestTask"},{"classLoaderName":null,"moduleName":"java.base","moduleVersion":"17.0.10","methodName":"forEach","fileName":"ArrayList.java","lineNumber":1511,"nativeMethod":false,"className":"java.util.ArrayList"},{"classLoaderName":"app","moduleName":null,"moduleVersion":null,"methodName":"invokeAll","fileName":"SameThreadHierarchicalTestExecutorService.java","lineNumber":41,"nativeMethod":false,"className":"org.junit.platform.engine.support.hierarchical.SameThreadHierarchicalTestExecutorService"},{"classLoaderName":"app","moduleName":null,"moduleVersion":null,"methodName":"lambda$executeRecursively$6","fileName":"NodeTestTask.java","lineNumber":155,"nativeMethod":false,"className":"org.junit.platform.engine.support.hierarchical.NodeTestTask"},{"classLoaderName":"app","moduleName":null,"moduleVersion":null,"methodName":"execute","fileName":"ThrowableCollector.java","lineNumber":73,"nativeMethod":false,"className":"org.junit.platform.engine.support.hierarchical.ThrowableCollector"},{"classLoaderName":"app","moduleName":null,"moduleVersion":null,"methodName":"lambda$executeRecursively$8","fileName":"NodeTestTask.java","lineNumber":141,"nativeMethod":false,"className":"org.junit.platform.engine.support.hierarchical.NodeTestTask"},{"classLoaderName":"app","moduleName":null,"moduleVersion":null,"methodName":"around","fileName":"Node.java","lineNumber":137,"nativeMethod":false,"className":"org.junit.platform.engine.support.hierarchical.Node"},{"classLoaderName":"app","moduleName":null,"moduleVersion":null,"methodName":"lambda$executeRecursively$9","fileName":"NodeTestTask.java","lineNumber":139,"nativeMethod":false,"className":"org.junit.platform.engine.support.hierarchical.NodeTestTask"},{"classLoaderName":"app","moduleName":null,"moduleVersion":null,"methodName":"execute","fileName":"ThrowableCollector.java","lineNumber":73,"nativeMethod":false,"className":"org.junit.platform.engine.support.hierarchical.ThrowableCollector"},{"classLoaderName":"app","moduleName":null,"moduleVersion":null,"methodName":"executeRecursively","fileName":"NodeTestTask.java","lineNumber":138,"nativeMethod":false,"className":"org.junit.platform.engine.support.hierarchical.NodeTestTask"},{"classLoaderName":"app","moduleName":null,"moduleVersion":null,"methodName":"execute","fileName":"NodeTestTask.java","lineNumber":95,"nativeMethod":false,"className":"org.junit.platform.engine.support.hierarchical.NodeTestTask"},{"classLoaderName":null,"moduleName":"java.base","moduleVersion":"17.0.10","methodName":"forEach","fileName":"ArrayList.java","lineNumber":1511,"nativeMethod":false,"className":"java.util.ArrayList"},{"classLoaderName":"app","moduleName":null,"moduleVersion":null,"methodName":"invokeAll","fileName":"SameThreadHierarchicalTestExecutorService.java","lineNumber":41,"nativeMethod":false,"className":"org.junit.platform.engine.support.hierarchical.SameThreadHierarchicalTestExecutorService"},{"classLoaderName":"app","moduleName":null,"moduleVersion":null,"methodName":"lambda$executeRecursively$6","fileName":"NodeTestTask.java","lineNumber":155,"nativeMethod":false,"className":"org.junit.platform.engine.support.hierarchical.NodeTestTask"},{"classLoaderName":"app","moduleName":null,"moduleVersion":null,"methodName":"execute","fileName":"ThrowableCollector.java","lineNumber":73,"nativeMethod":false,"className":"org.junit.platform.engine.support.hierarchical.ThrowableCollector"},{"classLoaderName":"app","moduleName":null,"moduleVersion":null,"methodName":"lambda$executeRecursively$8","fileName":"NodeTestTask.java","lineNumber":141,"nativeMethod":false,"className":"org.junit.platform.engine.support.hierarchical.NodeTestTask"},{"classLoaderName":"app","moduleName":null,"moduleVersion":null,"methodName":"around","fileName":"Node.java","lineNumber":137,"nativeMethod":false,"className":"org.junit.platform.engine.support.hierarchical.Node"},{"classLoaderName":"app","moduleName":null,"moduleVersion":null,"methodName":"lambda$executeRecursively$9","fileName":"NodeTestTask.java","lineNumber":139,"nativeMethod":false,"className":"org.junit.platform.engine.support.hierarchical.NodeTestTask"},{"classLoaderName":"app","moduleName":null,"moduleVersion":null,"methodName":"execute","fileName":"ThrowableCollector.java","lineNumber":73,"nativeMethod":false,"className":"org.junit.platform.engine.support.hierarchical.ThrowableCollector"},{"classLoaderName":"app","moduleName":null,"moduleVersion":null,"methodName":"executeRecursively","fileName":"NodeTestTask.java","lineNumber":138,"nativeMethod":false,"className":"org.junit.platform.engine.support.hierarchical.NodeTestTask"},{"classLoaderName":"app","moduleName":null,"moduleVersion":null,"methodName":"execute","fileName":"NodeTestTask.java","lineNumber":95,"nativeMethod":false,"className":"org.junit.platform.engine.support.hierarchical.NodeTestTask"},{"classLoaderName":"app","moduleName":null,"moduleVersion":null,"methodName":"submit","fileName":"SameThreadHierarchicalTestExecutorService.java","lineNumber":35,"nativeMethod":false,"className":"org.junit.platform.engine.support.hierarchical.SameThreadHierarchicalTestExecutorService"},{"classLoaderName":"app","moduleName":null,"moduleVersion":null,"methodName":"execute","fileName":"HierarchicalTestExecutor.java","lineNumber":57,"nativeMethod":false,"className":"org.junit.platform.engine.support.hierarchical.HierarchicalTestExecutor"},{"classLoaderName":"app","moduleName":null,"moduleVersion":null,"methodName":"execute","fileName":"HierarchicalTestEngine.java","lineNumber":54,"nativeMethod":false,"className":"org.junit.platform.engine.support.hierarchical.HierarchicalTestEngine"},{"classLoaderName":"app","moduleName":null,"moduleVersion":null,"methodName":"execute","fileName":"EngineExecutionOrchestrator.java","lineNumber":198,"nativeMethod":false,"className":"org.junit.platform.launcher.core.EngineExecutionOrchestrator"},{"classLoaderName":"app","moduleName":null,"moduleVersion":null,"methodName":"execute","fileName":"EngineExecutionOrchestrator.java","lineNumber":169,"nativeMethod":false,"className":"org.junit.platform.launcher.core.EngineExecutionOrchestrator"},{"classLoaderName":"app","moduleName":null,"moduleVersion":null,"methodName":"execute","fileName":"EngineExecutionOrchestrator.java","lineNumber":93,"nativeMethod":false,"className":"org.junit.platform.launcher.core.EngineExecutionOrchestrator"},{"classLoaderName":"app","moduleName":null,"moduleVersion":null,"methodName":"lambda$execute$0","fileName":"EngineExecutionOrchestrator.java","lineNumber":58,"nativeMethod":false,"className":"org.junit.platform.launcher.core.EngineExecutionOrchestrator"},{"classLoaderName":"app","moduleName":null,"moduleVersion":null,"methodName":"withInterceptedStreams","fileName":"EngineExecutionOrchestrator.java","lineNumber":141,"nativeMethod":false,"className":"org.junit.platform.launcher.core.EngineExecutionOrchestrator"},{"classLoaderName":"app","moduleName":null,"moduleVersion":null,"methodName":"execute","fileName":"EngineExecutionOrchestrator.java","lineNumber":57,"nativeMethod":false,"className":"org.junit.platform.launcher.core.EngineExecutionOrchestrator"},{"classLoaderName":"app","moduleName":null,"moduleVersion":null,"methodName":"execute","fileName":"DefaultLauncher.java","lineNumber":103,"nativeMethod":false,"className":"org.junit.platform.launcher.core.DefaultLauncher"},{"classLoaderName":"app","moduleName":null,"moduleVersion":null,"methodName":"execute","fileName":"DefaultLauncher.java","lineNumber":85,"nativeMethod":false,"className":"org.junit.platform.launcher.core.DefaultLauncher"},{"classLoaderName":"app","moduleName":null,"moduleVersion":null,"methodName":"execute","fileName":"DelegatingLauncher.java","lineNumber":47,"nativeMethod":false,"className":"org.junit.platform.launcher.core.DelegatingLauncher"},{"classLoaderName":"app","moduleName":null,"moduleVersion":null,"methodName":"execute","fileName":"LazyLauncher.java","lineNumber":56,"nativeMethod":false,"className":"org.apache.maven.surefire.junitplatform.LazyLauncher"},{"classLoaderName":"app","moduleName":null,"moduleVersion":null,"methodName":"execute","fileName":"JUnitPlatformProvider.java","lineNumber":184,"nativeMethod":false,"className":"org.apache.maven.surefire.junitplatform.JUnitPlatformProvider"},{"classLoaderName":"app","moduleName":null,"moduleVersion":null,"methodName":"invokeAllTests","fileName":"JUnitPlatformProvider.java","lineNumber":148,"nativeMethod":false,"className":"org.apache.maven.surefire.junitplatform.JUnitPlatformProvider"},{"classLoaderName":"app","moduleName":null,"moduleVersion":null,"methodName":"invoke","fileName":"JUnitPlatformProvider.java","lineNumber":122,"nativeMethod":false,"className":"org.apache.maven.surefire.junitplatform.JUnitPlatformProvider"},{"classLoaderName":"app","moduleName":null,"moduleVersion":null,"methodName":"runSuitesInProcess","fileName":"ForkedBooter.java","lineNumber":385,"nativeMethod":false,"className":"org.apache.maven.surefire.booter.ForkedBooter"},{"classLoaderName":"app","moduleName":null,"moduleVersion":null,"methodName":"execute","fileName":"ForkedBooter.java","lineNumber":162,"nativeMethod":false,"className":"org.apache.maven.surefire.booter.ForkedBooter"},{"classLoaderName":"app","moduleName":null,"moduleVersion":null,"methodName":"run","fileName":"ForkedBooter.java","lineNumber":507,"nativeMethod":false,"className":"org.apache.maven.surefire.booter.ForkedBooter"},{"classLoaderName":"app","moduleName":null,"moduleVersion":null,"methodName":"main","fileName":"ForkedBooter.java","lineNumber":495,"nativeMethod":false,"className":"org.apache.maven.surefire.booter.ForkedBooter"}],"message":"No Campaigns Present !!","suppressed":[],"localizedMessage":"No Campaigns Present !!"}
]]></system-out>
  </testcase>
  <testcase name="testGetCampaignSuccessFull" classname="com.campaign.service.impl.CampaignServiceImplTest" time="0.008">
    <system-out><![CDATA[2024-07-16T17:55:22.944-05:00  INFO 87839 --- [campaign-dev] [           main] c.c.service.impl.CampaignServiceImpl     : CampaignServiceImpl: getCampaigns invoked
2024-07-16T17:55:22.945-05:00  INFO 87839 --- [campaign-dev] [           main] c.c.service.impl.CampaignServiceImpl     : CampaignServiceImpl: getCampaigns reponse object: [{"id":2,"campaignName":"test campaign","description":"description","purpose":"some purpose","goalAmount":66300.0,"currentAmount":52.5},{"id":0,"campaignName":"test1 campaign","description":"description 1","purpose":"some purpose 1","goalAmount":677000.0,"currentAmount":566.5}]
]]></system-out>
  </testcase>
</testsuite>