<?xml version="1.0" encoding="UTF-8"?>
<testsuite xmlns:xsi="http://www.w3.org/2001/XMLSchema-instance" xsi:noNamespaceSchemaLocation="https://maven.apache.org/surefire/maven-surefire-plugin/xsd/surefire-test-report-3.0.xsd" version="3.0" name="com.campaign.controller.CampaignTransactionControllerTest" time="3.096" tests="9" errors="0" skipped="0" failures="0">
  <properties>
[...]
</properties>
  <testcase name="getCampaignTransactionByIdFound" classname="com.campaign.controller.CampaignTransactionControllerTest" time="0.148">
    <system-out><![CDATA[17:55:17.186 [main] INFO org.springframework.test.context.support.AnnotationConfigContextLoaderUtils -- Could not detect default configuration classes for test class [com.campaign.controller.CampaignTransactionControllerTest]: CampaignTransactionControllerTest does not declare any static, non-private, non-final, nested classes annotated with @Configuration.
17:55:17.293 [main] INFO org.springframework.boot.test.context.SpringBootTestContextBootstrapper -- Found @SpringBootConfiguration com.campaign.CampaignApplication for test class com.campaign.controller.CampaignTransactionControllerTest

  .   ____          _            __ _ _
 /\\ / ___'_ __ _ _(_)_ __  __ _ \ \ \ \
( ( )\___ | '_ | '_| | '_ \/ _` | \ \ \ \
 \\/  ___)| |_)| | | | | || (_| |  ) ) ) )
  '  |____| .__|_| |_|_| |_\__, | / / / /
 =========|_|==============|___/=/_/_/_/
 :: Spring Boot ::                (v3.2.3)

2024-07-16T17:55:18.187-05:00  INFO 87839 --- [campaign-dev] [           main] c.c.c.CampaignTransactionControllerTest  : Starting CampaignTransactionControllerTest using Java 17.0.10 with PID 87839 (started by abdulbasithmohammed in /Users/abdulbasithmohammed/Documents/java_projects/jenkins/campaign-service)
2024-07-16T17:55:18.187-05:00  INFO 87839 --- [campaign-dev] [           main] c.c.c.CampaignTransactionControllerTest  : The following 1 profile is active: "dev"
2024-07-16T17:55:18.195-05:00  INFO 87839 --- [campaign-dev] [           main] o.s.v.c.e.LeaseAwareVaultPropertySource  : Vault location [kv/campaign/dev] not resolvable: Not found
2024-07-16T17:55:18.195-05:00  INFO 87839 --- [campaign-dev] [           main] o.s.v.c.e.LeaseAwareVaultPropertySource  : Vault location [kv/application/dev] not resolvable: Not found
2024-07-16T17:55:18.195-05:00  INFO 87839 --- [campaign-dev] [           main] o.s.v.c.e.LeaseAwareVaultPropertySource  : Vault location [kv/application] not resolvable: Not found
2024-07-16T17:55:18.196-05:00  INFO 87839 --- [campaign-dev] [           main] o.s.v.c.e.LeaseAwareVaultPropertySource  : Vault location [kv/campaign-dev/dev] not resolvable: Not found
2024-07-16T17:55:19.618-05:00  WARN 87839 --- [campaign-dev] [           main] .s.s.UserDetailsServiceAutoConfiguration : 

Using generated security password: a76118b3-d72a-493a-a0ba-a4893aa01c94

This generated password is for development use only. Your security configuration must be updated before running your application in production.

2024-07-16T17:55:19.765-05:00  INFO 87839 --- [campaign-dev] [           main] o.s.s.web.DefaultSecurityFilterChain     : Will secure any request with [org.springframework.security.web.session.DisableEncodeUrlFilter@288c16a5, org.springframework.security.web.context.request.async.WebAsyncManagerIntegrationFilter@dc46916, org.springframework.security.web.context.SecurityContextHolderFilter@1a343d3e, org.springframework.security.web.header.HeaderWriterFilter@38dfbd6e, org.springframework.web.filter.CorsFilter@5b152082, org.springframework.security.web.csrf.CsrfFilter@62c732d2, org.springframework.security.web.authentication.logout.LogoutFilter@1ee9a039, org.springframework.security.web.authentication.UsernamePasswordAuthenticationFilter@64f578eb, org.springframework.security.web.authentication.ui.DefaultLoginPageGeneratingFilter@5cb63d05, org.springframework.security.web.authentication.ui.DefaultLogoutPageGeneratingFilter@5b4c2959, org.springframework.security.web.authentication.www.BasicAuthenticationFilter@94af25, org.springframework.security.web.savedrequest.RequestCacheAwareFilter@1f0b2ffb, org.springframework.security.web.servletapi.SecurityContextHolderAwareRequestFilter@29e3c7fe, org.springframework.security.web.authentication.AnonymousAuthenticationFilter@13bd25ab, org.springframework.security.web.access.ExceptionTranslationFilter@7773d139, org.springframework.security.web.access.intercept.AuthorizationFilter@52bf434b]
2024-07-16T17:55:19.803-05:00  INFO 87839 --- [campaign-dev] [           main] o.s.b.t.m.w.SpringBootMockServletContext : Initializing Spring TestDispatcherServlet ''
2024-07-16T17:55:19.804-05:00  INFO 87839 --- [campaign-dev] [           main] o.s.t.web.servlet.TestDispatcherServlet  : Initializing Servlet ''
2024-07-16T17:55:19.804-05:00  INFO 87839 --- [campaign-dev] [           main] o.s.t.web.servlet.TestDispatcherServlet  : Completed initialization in 0 ms
2024-07-16T17:55:19.827-05:00  INFO 87839 --- [campaign-dev] [           main] c.c.c.CampaignTransactionControllerTest  : Started CampaignTransactionControllerTest in 2.476 seconds (process running for 3.225)

MockHttpServletRequest:
      HTTP Method = GET
      Request URI = /v1/campaignTransactions/1
       Parameters = {}
          Headers = [Content-Type:"application/json;charset=UTF-8"]
             Body = null
    Session Attrs = {SPRING_SECURITY_CONTEXT=SecurityContextImpl [Authentication=UsernamePasswordAuthenticationToken [Principal=org.springframework.security.core.userdetails.User [Username=user, Password=[PROTECTED], Enabled=true, AccountNonExpired=true, CredentialsNonExpired=true, AccountNonLocked=true, Granted Authorities=[ROLE_USER]], Credentials=[PROTECTED], Authenticated=true, Details=null, Granted Authorities=[ROLE_USER]]]}

Handler:
             Type = com.campaign.controller.CampaignTransactionController
           Method = com.campaign.controller.CampaignTransactionController#getCampaignTransactionById(int)

Async:
    Async started = false
     Async result = null

Resolved Exception:
             Type = null

ModelAndView:
        View name = null
             View = null
            Model = null

FlashMap:
       Attributes = null

MockHttpServletResponse:
           Status = 200
    Error message = null
          Headers = [Vary:"Origin", "Access-Control-Request-Method", "Access-Control-Request-Headers", Content-Type:"application/json", X-Content-Type-Options:"nosniff", X-XSS-Protection:"0", Cache-Control:"no-cache, no-store, max-age=0, must-revalidate", Pragma:"no-cache", Expires:"0", X-Frame-Options:"DENY"]
     Content type = application/json
             Body = {"id":1,"campaign":{"id":1,"campaignName":null,"description":null,"purpose":null,"goalAmount":0.0,"currentAmount":0.0},"customerId":1,"amount":4500.0,"dateTime":"2020-01-01T06:00:00.000+00:00"}
    Forwarded URL = null
   Redirected URL = null
          Cookies = []
]]></system-out>
    <system-err><![CDATA[SLF4J(W): Class path contains multiple SLF4J providers.
SLF4J(W): Found provider [ch.qos.logback.classic.spi.LogbackServiceProvider@19fb8826]
SLF4J(W): Found provider [org.apache.logging.slf4j.SLF4JServiceProvider@192d74fb]
SLF4J(W): See https://www.slf4j.org/codes.html#multiple_bindings for an explanation.
SLF4J(I): Actual provider is of type [ch.qos.logback.classic.spi.LogbackServiceProvider@19fb8826]
]]></system-err>
  </testcase>
  <testcase name="addCampaignTransaction" classname="com.campaign.controller.CampaignTransactionControllerTest" time="0.018">
    <system-out><![CDATA[
MockHttpServletRequest:
      HTTP Method = POST
      Request URI = /v1/campaignTransactions
       Parameters = {_csrf=[7dnjMm7FjuZwdYU8cvDPqxd-WMvdNi1g_QO4MlW78A9aRBV72bqFBF-kud9dF-YKRd37yXJIdam4Ah1NzmHdAWHdx21rJiYa]}
          Headers = [Content-Type:"application/json;charset=UTF-8", Content-Length:"246"]
             Body = {
  "id" : 1,
  "campaign" : {
    "id" : 1,
    "campaignName" : null,
    "description" : null,
    "purpose" : null,
    "goalAmount" : 0.0,
    "currentAmount" : 0.0
  },
  "customerId" : 1,
  "amount" : 4500.0,
  "dateTime" : 1577858400000
}
    Session Attrs = {SPRING_SECURITY_CONTEXT=SecurityContextImpl [Authentication=UsernamePasswordAuthenticationToken [Principal=org.springframework.security.core.userdetails.User [Username=user, Password=[PROTECTED], Enabled=true, AccountNonExpired=true, CredentialsNonExpired=true, AccountNonLocked=true, Granted Authorities=[ROLE_USER]], Credentials=[PROTECTED], Authenticated=true, Details=null, Granted Authorities=[ROLE_USER]]]}

Handler:
             Type = com.campaign.controller.CampaignTransactionController
           Method = com.campaign.controller.CampaignTransactionController#addCampaignTransaction(CampaignTransaction)

Async:
    Async started = false
     Async result = null

Resolved Exception:
             Type = null

ModelAndView:
        View name = null
             View = null
            Model = null

FlashMap:
       Attributes = null

MockHttpServletResponse:
           Status = 200
    Error message = null
          Headers = [Vary:"Origin", "Access-Control-Request-Method", "Access-Control-Request-Headers", Content-Type:"application/json", X-Content-Type-Options:"nosniff", X-XSS-Protection:"0", Cache-Control:"no-cache, no-store, max-age=0, must-revalidate", Pragma:"no-cache", Expires:"0", X-Frame-Options:"DENY"]
     Content type = application/json
             Body = {"id":1,"campaign":{"id":1,"campaignName":null,"description":null,"purpose":null,"goalAmount":0.0,"currentAmount":0.0},"customerId":1,"amount":4500.0,"dateTime":"2020-01-01T06:00:00.000+00:00"}
    Forwarded URL = null
   Redirected URL = null
          Cookies = []
]]></system-out>
  </testcase>
  <testcase name="updateCampaignTransactionNotFound" classname="com.campaign.controller.CampaignTransactionControllerTest" time="0.022">
    <system-out><![CDATA[
MockHttpServletRequest:
      HTTP Method = PUT
      Request URI = /v1/campaignTransactions
       Parameters = {id=[100], _csrf=[9Zvwb7TQKxf08sboabVi3SErxXfuE_NDpaddoG6qbceWNgjylvrFWtK2TnLZyvOLDZhW7hcc6BaMIJdulpNrkAqZXfSiDmrC]}
          Headers = [Content-Type:"application/json;charset=UTF-8", Content-Length:"97"]
             Body = {
  "id" : 0,
  "campaign" : null,
  "customerId" : 5,
  "amount" : 5200.0,
  "dateTime" : null
}
    Session Attrs = {SPRING_SECURITY_CONTEXT=SecurityContextImpl [Authentication=UsernamePasswordAuthenticationToken [Principal=org.springframework.security.core.userdetails.User [Username=user, Password=[PROTECTED], Enabled=true, AccountNonExpired=true, CredentialsNonExpired=true, AccountNonLocked=true, Granted Authorities=[ROLE_USER]], Credentials=[PROTECTED], Authenticated=true, Details=null, Granted Authorities=[ROLE_USER]]]}

Handler:
             Type = com.campaign.controller.CampaignTransactionController
           Method = com.campaign.controller.CampaignTransactionController#updateCampaignTransaction(int, CampaignTransaction)

Async:
    Async started = false
     Async result = null

Resolved Exception:
             Type = com.campaign.exception.EntityNotFoundException

ModelAndView:
        View name = null
             View = null
            Model = null

FlashMap:
       Attributes = null

MockHttpServletResponse:
           Status = 404
    Error message = null
          Headers = [Vary:"Origin", "Access-Control-Request-Method", "Access-Control-Request-Headers", X-Content-Type-Options:"nosniff", X-XSS-Protection:"0", Cache-Control:"no-cache, no-store, max-age=0, must-revalidate", Pragma:"no-cache", Expires:"0", X-Frame-Options:"DENY"]
     Content type = null
             Body = 
    Forwarded URL = null
   Redirected URL = null
          Cookies = []
]]></system-out>
  </testcase>
  <testcase name="getAllCampaignTransactions" classname="com.campaign.controller.CampaignTransactionControllerTest" time="0.006">
    <system-out><![CDATA[
MockHttpServletRequest:
      HTTP Method = GET
      Request URI = /v1/campaignTransactions
       Parameters = {}
          Headers = [Content-Type:"application/json;charset=UTF-8"]
             Body = null
    Session Attrs = {SPRING_SECURITY_CONTEXT=SecurityContextImpl [Authentication=UsernamePasswordAuthenticationToken [Principal=org.springframework.security.core.userdetails.User [Username=user, Password=[PROTECTED], Enabled=true, AccountNonExpired=true, CredentialsNonExpired=true, AccountNonLocked=true, Granted Authorities=[ROLE_USER]], Credentials=[PROTECTED], Authenticated=true, Details=null, Granted Authorities=[ROLE_USER]]]}

Handler:
             Type = com.campaign.controller.CampaignTransactionController
           Method = com.campaign.controller.CampaignTransactionController#getAllCampaignTransactions()

Async:
    Async started = false
     Async result = null

Resolved Exception:
             Type = null

ModelAndView:
        View name = null
             View = null
            Model = null

FlashMap:
       Attributes = null

MockHttpServletResponse:
           Status = 200
    Error message = null
          Headers = [Vary:"Origin", "Access-Control-Request-Method", "Access-Control-Request-Headers", Content-Type:"application/json", X-Content-Type-Options:"nosniff", X-XSS-Protection:"0", Cache-Control:"no-cache, no-store, max-age=0, must-revalidate", Pragma:"no-cache", Expires:"0", X-Frame-Options:"DENY"]
     Content type = application/json
             Body = [{"id":1,"campaign":{"id":1,"campaignName":null,"description":null,"purpose":null,"goalAmount":0.0,"currentAmount":0.0},"customerId":1,"amount":4500.0,"dateTime":"2020-01-01T06:00:00.000+00:00"},{"id":2,"campaign":{"id":1,"campaignName":null,"description":null,"purpose":null,"goalAmount":0.0,"currentAmount":0.0},"customerId":10,"amount":9000.0,"dateTime":"2022-10-01T05:00:00.000+00:00"}]
    Forwarded URL = null
   Redirected URL = null
          Cookies = []
]]></system-out>
  </testcase>
  <testcase name="updateCampaignTransactionFound" classname="com.campaign.controller.CampaignTransactionControllerTest" time="0.006">
    <system-out><![CDATA[
MockHttpServletRequest:
      HTTP Method = PUT
      Request URI = /v1/campaignTransactions
       Parameters = {id=[1], _csrf=[U4iGxYFA_PN1HGMdBTEJJf4fC0rwDeSIXmUc3PkVxyaz9fL8MrDi_LkhnpFYKQIkZBw9EckvJiuVbNelbFIu78oioxTQwpbN]}
          Headers = [Content-Type:"application/json;charset=UTF-8", Content-Length:"97"]
             Body = {
  "id" : 0,
  "campaign" : null,
  "customerId" : 5,
  "amount" : 5200.0,
  "dateTime" : null
}
    Session Attrs = {SPRING_SECURITY_CONTEXT=SecurityContextImpl [Authentication=UsernamePasswordAuthenticationToken [Principal=org.springframework.security.core.userdetails.User [Username=user, Password=[PROTECTED], Enabled=true, AccountNonExpired=true, CredentialsNonExpired=true, AccountNonLocked=true, Granted Authorities=[ROLE_USER]], Credentials=[PROTECTED], Authenticated=true, Details=null, Granted Authorities=[ROLE_USER]]]}

Handler:
             Type = com.campaign.controller.CampaignTransactionController
           Method = com.campaign.controller.CampaignTransactionController#updateCampaignTransaction(int, CampaignTransaction)

Async:
    Async started = false
     Async result = null

Resolved Exception:
             Type = null

ModelAndView:
        View name = null
             View = null
            Model = null

FlashMap:
       Attributes = null

MockHttpServletResponse:
           Status = 200
    Error message = null
          Headers = [Vary:"Origin", "Access-Control-Request-Method", "Access-Control-Request-Headers", Content-Type:"application/json", X-Content-Type-Options:"nosniff", X-XSS-Protection:"0", Cache-Control:"no-cache, no-store, max-age=0, must-revalidate", Pragma:"no-cache", Expires:"0", X-Frame-Options:"DENY"]
     Content type = application/json
             Body = {"id":1,"campaign":{"id":1,"campaignName":null,"description":null,"purpose":null,"goalAmount":0.0,"currentAmount":0.0},"customerId":5,"amount":5200.0,"dateTime":"2020-01-01T06:00:00.000+00:00"}
    Forwarded URL = null
   Redirected URL = null
          Cookies = []
]]></system-out>
  </testcase>
  <testcase name="getAllCampaignTransactionsNotFound" classname="com.campaign.controller.CampaignTransactionControllerTest" time="0.004">
    <system-out><![CDATA[
MockHttpServletRequest:
      HTTP Method = GET
      Request URI = /v1/campaignTransactions
       Parameters = {}
          Headers = [Content-Type:"application/json;charset=UTF-8"]
             Body = null
    Session Attrs = {SPRING_SECURITY_CONTEXT=SecurityContextImpl [Authentication=UsernamePasswordAuthenticationToken [Principal=org.springframework.security.core.userdetails.User [Username=user, Password=[PROTECTED], Enabled=true, AccountNonExpired=true, CredentialsNonExpired=true, AccountNonLocked=true, Granted Authorities=[ROLE_USER]], Credentials=[PROTECTED], Authenticated=true, Details=null, Granted Authorities=[ROLE_USER]]]}

Handler:
             Type = com.campaign.controller.CampaignTransactionController
           Method = com.campaign.controller.CampaignTransactionController#getAllCampaignTransactions()

Async:
    Async started = false
     Async result = null

Resolved Exception:
             Type = com.campaign.exception.EntityNotFoundException

ModelAndView:
        View name = null
             View = null
            Model = null

FlashMap:
       Attributes = null

MockHttpServletResponse:
           Status = 404
    Error message = null
          Headers = [Vary:"Origin", "Access-Control-Request-Method", "Access-Control-Request-Headers", X-Content-Type-Options:"nosniff", X-XSS-Protection:"0", Cache-Control:"no-cache, no-store, max-age=0, must-revalidate", Pragma:"no-cache", Expires:"0", X-Frame-Options:"DENY"]
     Content type = null
             Body = 
    Forwarded URL = null
   Redirected URL = null
          Cookies = []
]]></system-out>
  </testcase>
  <testcase name="getCampaignTransactionByIdNotFound" classname="com.campaign.controller.CampaignTransactionControllerTest" time="0.004">
    <system-out><![CDATA[
MockHttpServletRequest:
      HTTP Method = GET
      Request URI = /v1/campaignTransactions/100
       Parameters = {}
          Headers = [Content-Type:"application/json;charset=UTF-8"]
             Body = null
    Session Attrs = {SPRING_SECURITY_CONTEXT=SecurityContextImpl [Authentication=UsernamePasswordAuthenticationToken [Principal=org.springframework.security.core.userdetails.User [Username=user, Password=[PROTECTED], Enabled=true, AccountNonExpired=true, CredentialsNonExpired=true, AccountNonLocked=true, Granted Authorities=[ROLE_USER]], Credentials=[PROTECTED], Authenticated=true, Details=null, Granted Authorities=[ROLE_USER]]]}

Handler:
             Type = com.campaign.controller.CampaignTransactionController
           Method = com.campaign.controller.CampaignTransactionController#getCampaignTransactionById(int)

Async:
    Async started = false
     Async result = null

Resolved Exception:
             Type = com.campaign.exception.EntityNotFoundException

ModelAndView:
        View name = null
             View = null
            Model = null

FlashMap:
       Attributes = null

MockHttpServletResponse:
           Status = 404
    Error message = null
          Headers = [Vary:"Origin", "Access-Control-Request-Method", "Access-Control-Request-Headers", X-Content-Type-Options:"nosniff", X-XSS-Protection:"0", Cache-Control:"no-cache, no-store, max-age=0, must-revalidate", Pragma:"no-cache", Expires:"0", X-Frame-Options:"DENY"]
     Content type = null
             Body = 
    Forwarded URL = null
   Redirected URL = null
          Cookies = []
]]></system-out>
  </testcase>
  <testcase name="deleteCampaignTransactionNotFound" classname="com.campaign.controller.CampaignTransactionControllerTest" time="0.004">
    <system-out><![CDATA[
MockHttpServletRequest:
      HTTP Method = DELETE
      Request URI = /v1/campaignTransactions/100
       Parameters = {_csrf=[aMnFu03XNsloNedcTlPi3GXrtPO30gAtcST6H6f7qYymMzOhC6vziCuyA_xFBoZrL37WuQHYmcuG42IAFRScfpHJmL2RUQeU]}
          Headers = [Content-Type:"application/json;charset=UTF-8"]
             Body = null
    Session Attrs = {SPRING_SECURITY_CONTEXT=SecurityContextImpl [Authentication=UsernamePasswordAuthenticationToken [Principal=org.springframework.security.core.userdetails.User [Username=user, Password=[PROTECTED], Enabled=true, AccountNonExpired=true, CredentialsNonExpired=true, AccountNonLocked=true, Granted Authorities=[ROLE_USER]], Credentials=[PROTECTED], Authenticated=true, Details=null, Granted Authorities=[ROLE_USER]]]}

Handler:
             Type = com.campaign.controller.CampaignTransactionController
           Method = com.campaign.controller.CampaignTransactionController#deleteCampaignTransaction(int)

Async:
    Async started = false
     Async result = null

Resolved Exception:
             Type = com.campaign.exception.EntityNotFoundException

ModelAndView:
        View name = null
             View = null
            Model = null

FlashMap:
       Attributes = null

MockHttpServletResponse:
           Status = 404
    Error message = null
          Headers = [Vary:"Origin", "Access-Control-Request-Method", "Access-Control-Request-Headers", X-Content-Type-Options:"nosniff", X-XSS-Protection:"0", Cache-Control:"no-cache, no-store, max-age=0, must-revalidate", Pragma:"no-cache", Expires:"0", X-Frame-Options:"DENY"]
     Content type = null
             Body = 
    Forwarded URL = null
   Redirected URL = null
          Cookies = []
]]></system-out>
  </testcase>
  <testcase name="deleteCampaignTransactionFound" classname="com.campaign.controller.CampaignTransactionControllerTest" time="0.088">
    <system-out><![CDATA[
MockHttpServletRequest:
      HTTP Method = DELETE
      Request URI = /v1/campaignTransactions/1
       Parameters = {_csrf=[WSOO6mTrRkqssux495qRynNspA44t0ZKREh4AOUGQmAhr7mWOxa93VbacHOBit1Jw7elrkFdiW8P1SJnIH9IZIMwc1UUnIv3]}
          Headers = [Content-Type:"application/json;charset=UTF-8"]
             Body = null
    Session Attrs = {SPRING_SECURITY_CONTEXT=SecurityContextImpl [Authentication=UsernamePasswordAuthenticationToken [Principal=org.springframework.security.core.userdetails.User [Username=user, Password=[PROTECTED], Enabled=true, AccountNonExpired=true, CredentialsNonExpired=true, AccountNonLocked=true, Granted Authorities=[ROLE_USER]], Credentials=[PROTECTED], Authenticated=true, Details=null, Granted Authorities=[ROLE_USER]]]}

Handler:
             Type = com.campaign.controller.CampaignTransactionController
           Method = com.campaign.controller.CampaignTransactionController#deleteCampaignTransaction(int)

Async:
    Async started = false
     Async result = null

Resolved Exception:
             Type = null

ModelAndView:
        View name = null
             View = null
            Model = null

FlashMap:
       Attributes = null

MockHttpServletResponse:
           Status = 200
    Error message = null
          Headers = [Vary:"Origin", "Access-Control-Request-Method", "Access-Control-Request-Headers", Content-Type:"text/plain;charset=UTF-8", Content-Length:"32", X-Content-Type-Options:"nosniff", X-XSS-Protection:"0", Cache-Control:"no-cache, no-store, max-age=0, must-revalidate", Pragma:"no-cache", Expires:"0", X-Frame-Options:"DENY"]
     Content type = text/plain;charset=UTF-8
             Body = Transaction deleted successfully
    Forwarded URL = null
   Redirected URL = null
          Cookies = []
Transaction deleted successfully
]]></system-out>
  </testcase>
</testsuite>